<?xml version="1.0" encoding="UTF-8"?>
<!-- Generated by org.testng.reporters.JUnitXMLReporter -->
<testsuite ignored="2" hostname="LP-Dipali" failures="0" tests="4" name="Full Cash Payment" time="146.008" errors="0" timestamp="2025-08-20T10:04:34 GMT-06:00">
  <testcase classname="com.bookingzoneadmin.FullPayment.TC002FullCashPayment" name="testCreateBookingWithCashPayment" time="57.526"/>
  <testcase classname="com.bookingzoneadmin.FullPayment.TC002EditFullCashPayBooking" name="testChangeBookingStatusToCheckIn" time="11.097"/>
  <testcase classname="com.bookingzoneadmin.FullPayment.TC002EditFullCashPayBooking" name="testAddPackage_AdditionalGuest" time="60.553"/>
  <testcase classname="com.bookingzoneadmin.FullPayment.TC002EditFullCashPayBooking" name="testVerifyPaymentMethod_PaidAmountInTrasactionHistory" time="11.875"/>
  <testcase classname="com.bookingzoneadmin.pages.BaseClass" name="@BeforeSuite initialiseBrowser" time="0.0">
    <ignored/>
  </testcase> <!-- @BeforeSuite initialiseBrowser -->
  <testcase classname="com.bookingzoneadmin.pages.BaseClass" name="@AfterSuite teardownSuite" time="0.0">
    <ignored/>
  </testcase> <!-- @AfterSuite teardownSuite -->
</testsuite> <!-- Full Cash Payment -->
