<?xml version="1.0" encoding="UTF-8"?>
<!-- Generated by org.testng.reporters.JUnitXMLReporter -->
<testsuite ignored="2" hostname="LP-Dipali" failures="0" tests="3" name="Full Payment With URL" time="116.112" errors="0" timestamp="2025-08-20T10:16:05 GMT-06:00">
  <testcase classname="com.bookingzoneadmin.FullPayment.TC005FullPayVia_PaymentURL" name="testCreateBookingWithPaymentURL" time="89.747"/>
  <testcase classname="com.bookingzoneadmin.FullPayment.TC005FullPayVia_PaymentURL" name="testVerifyBookingStatusInAdminPanel" time="15.204"/>
  <testcase classname="com.bookingzoneadmin.FullPayment.TC005EditFullPayVia_PaymentURL" name="testChangeBookingStatusToCancel" time="10.501"/>
  <testcase classname="com.bookingzoneadmin.pages.BaseClass" name="@BeforeSuite initialiseBrowser" time="0.0">
    <ignored/>
  </testcase> <!-- @BeforeSuite initialiseBrowser -->
  <testcase classname="com.bookingzoneadmin.pages.BaseClass" name="@AfterSuite teardownSuite" time="0.0">
    <ignored/>
  </testcase> <!-- @AfterSuite teardownSuite -->
</testsuite> <!-- Full Payment With URL -->
