<?xml version="1.0" encoding="UTF-8"?>
<!-- Generated by org.testng.reporters.JUnitXMLReporter -->
<testsuite ignored="2" hostname="LP-Dipali" failures="0" tests="4" name="Full Other Payment" time="142.329" errors="0" timestamp="2025-08-21T00:39:01 GMT-05:00">
  <testcase classname="com.bookingzoneadmin.FullPayment.TC003FullOtherPayment" name="testCreateBookingWithOtherPayment" time="68.491"/>
  <testcase classname="com.bookingzoneadmin.FullPayment.TC003EditFullOtherPayBooking" name="testChangeBookingStatusToDone" time="12.326"/>
  <testcase classname="com.bookingzoneadmin.FullPayment.TC003EditFullOtherPayBooking" name="testChangeReservationSlot" time="43.361"/>
  <testcase classname="com.bookingzoneadmin.FullPayment.TC003EditFullOtherPayBooking" name="testVerifyPaymentMethod_PaidAmountInTrasactionHistory" time="12.731"/>
  <testcase classname="com.bookingzoneadmin.pages.BaseClass" name="@BeforeSuite initialiseBrowser" time="0.0">
    <ignored/>
  </testcase> <!-- @BeforeSuite initialiseBrowser -->
  <testcase classname="com.bookingzoneadmin.pages.BaseClass" name="@AfterSuite teardownSuite" time="0.0">
    <ignored/>
  </testcase> <!-- @AfterSuite teardownSuite -->
</testsuite> <!-- Full Other Payment -->
