<?xml version="1.0" encoding="UTF-8"?>
<testsuite xmlns:xsi="http://www.w3.org/2001/XMLSchema-instance" xsi:noNamespaceSchemaLocation="https://maven.apache.org/surefire/maven-surefire-plugin/xsd/surefire-test-report-3.0.xsd" version="3.0" name="TestSuite" time="440.267" tests="7" errors="0" skipped="0" failures="7">
  <properties>
[...]
</properties>
  <testcase name="testCreatePackageSessionPlan" classname="com.bookingzoneadmin.createplans.tests.TC001_CreatePackageSessionPlan" time="80.042">
    <failure message="Test case failed due to exception: Expected condition failed: waiting for element to be clickable: Proxy element for: DefaultElementLocator &apos;By.xpath: //select[@name=&apos;schedules.0.venueDetail.0.serviceCategory&apos;]&apos; (tried for 30 second(s) with 500 milliseconds interval)" type="java.lang.AssertionError"><![CDATA[java.lang.AssertionError: Test case failed due to exception: Expected condition failed: waiting for element to be clickable: Proxy element for: DefaultElementLocator 'By.xpath: //select[@name='schedules.0.venueDetail.0.serviceCategory']' (tried for 30 second(s) with 500 milliseconds interval)
	at org.testng.Assert.fail(Assert.java:111)
	at com.bookingzoneadmin.createplans.tests.TC001_CreatePackageSessionPlan.handleException(TC001_CreatePackageSessionPlan.java:243)
	at com.bookingzoneadmin.createplans.tests.TC001_CreatePackageSessionPlan.testCreatePackageSessionPlan(TC001_CreatePackageSessionPlan.java:175)
	at java.base/jdk.internal.reflect.NativeMethodAccessorImpl.invoke0(Native Method)
	at java.base/jdk.internal.reflect.NativeMethodAccessorImpl.invoke(NativeMethodAccessorImpl.java:77)
	at java.base/jdk.internal.reflect.DelegatingMethodAccessorImpl.invoke(DelegatingMethodAccessorImpl.java:43)
	at java.base/java.lang.reflect.Method.invoke(Method.java:568)
	at org.testng.internal.invokers.MethodInvocationHelper.invokeMethod(MethodInvocationHelper.java:139)
	at org.testng.internal.invokers.TestInvoker.invokeMethod(TestInvoker.java:664)
	at org.testng.internal.invokers.TestInvoker.invokeTestMethod(TestInvoker.java:227)
	at org.testng.internal.invokers.MethodRunner.runInSequence(MethodRunner.java:50)
	at org.testng.internal.invokers.TestInvoker$MethodInvocationAgent.invoke(TestInvoker.java:957)
	at org.testng.internal.invokers.TestInvoker.invokeTestMethods(TestInvoker.java:200)
	at org.testng.internal.invokers.TestMethodWorker.invokeTestMethods(TestMethodWorker.java:148)
	at org.testng.internal.invokers.TestMethodWorker.run(TestMethodWorker.java:128)
	at java.base/java.util.ArrayList.forEach(ArrayList.java:1511)
	at org.testng.TestRunner.privateRun(TestRunner.java:848)
	at org.testng.TestRunner.run(TestRunner.java:621)
	at org.testng.SuiteRunner.runTest(SuiteRunner.java:443)
	at org.testng.SuiteRunner.runSequentially(SuiteRunner.java:437)
	at org.testng.SuiteRunner.privateRun(SuiteRunner.java:397)
	at org.testng.SuiteRunner.run(SuiteRunner.java:336)
	at org.testng.SuiteRunnerWorker.runSuite(SuiteRunnerWorker.java:52)
	at org.testng.SuiteRunnerWorker.run(SuiteRunnerWorker.java:95)
	at org.testng.TestNG.runSuitesSequentially(TestNG.java:1280)
	at org.testng.TestNG.runSuitesLocally(TestNG.java:1200)
	at org.testng.TestNG.runSuites(TestNG.java:1114)
	at org.testng.TestNG.run(TestNG.java:1082)
	at org.apache.maven.surefire.testng.TestNGExecutor.run(TestNGExecutor.java:324)
	at org.apache.maven.surefire.testng.TestNGXmlTestSuite.execute(TestNGXmlTestSuite.java:74)
	at org.apache.maven.surefire.testng.TestNGProvider.invoke(TestNGProvider.java:123)
	at org.apache.maven.surefire.booter.ForkedBooter.runSuitesInProcess(ForkedBooter.java:456)
	at org.apache.maven.surefire.booter.ForkedBooter.execute(ForkedBooter.java:169)
	at org.apache.maven.surefire.booter.ForkedBooter.run(ForkedBooter.java:595)
	at org.apache.maven.surefire.booter.ForkedBooter.main(ForkedBooter.java:581)
]]></failure>
    <system-out><![CDATA[09:05:50.762 [main] DEBUG org.testng.TestNG - suiteXmlPath: "D:\Automation Project\bookingzoneadmin\testng-suites\Create_Plans_TestSuite.xml"
09:05:50.806 [main] INFO org.testng.internal.Utils - [XmlSuite] [WARN] 'parallel' value 'false' is no longer valid, defaulting to 'none'.
...
... TestNG 7.8.0 by Cédric Beust (cedric@beust.com)
...

09:05:51.625 [main] DEBUG io.github.bonigarcia.wdm.WebDriverManager - Using WebDriverManager 5.7.0
09:05:51.822 [main] DEBUG io.github.bonigarcia.wdm.cache.ResolutionCache - Resolution chrome=135 in cache (valid until 10:00:12 13/04/2025 GMT-04:00)
09:05:51.822 [main] DEBUG io.github.bonigarcia.wdm.cache.ResolutionCache - Resolution chrome135=135.0.7049.84 in cache (valid until 09:00:12 14/04/2025 GMT-04:00)
09:05:51.823 [main] INFO io.github.bonigarcia.wdm.WebDriverManager - Using chromedriver 135.0.7049.84 (resolved driver for Chrome 135)
09:05:51.840 [main] DEBUG io.github.bonigarcia.wdm.WebDriverManager - Driver chromedriver 135.0.7049.84 found in cache
09:05:51.840 [main] INFO io.github.bonigarcia.wdm.WebDriverManager - Exporting webdriver.chrome.driver as C:\Users\dipal\.cache\selenium\chromedriver\win64\135.0.7049.84\chromedriver.exe
Header cell value: 'Bussiness URL'
Header cell value: 'Business Name '
Header cell value: 'First Name'
Header cell value: 'Last Name'
Header cell value: 'Email'
Header cell value: 'Business Name '
Header cell value: 'First Name'
Header cell value: 'Last Name'
Header cell value: 'Email'
Header cell value: 'Flat No'
Header cell value: 'City'
Header cell value: 'Country'
Header cell value: 'State'
Header cell value: 'Zip'
Header cell value: 'Bussiness Password'
Header cell value: 'Plan Name'
Header cell value: 'Plan Name'
Header cell value: 'URL /Path of Img'
Header cell value: 'Plan Name'
Header cell value: 'URL /Path of Img'
Header cell value: 'MinTimeInAdvanced'
Header cell value: 'Plan Name'
Header cell value: 'URL /Path of Img'
Header cell value: 'MinTimeInAdvanced'
Header cell value: 'MaxTimeInAdvanced'
Header cell value: 'Plan Name'
Header cell value: 'URL /Path of Img'
Header cell value: 'MinTimeInAdvanced'
Header cell value: 'MaxTimeInAdvanced'
Header cell value: 'MinGuestAllowed'
Header cell value: 'From'
Header cell value: 'Plan Name'
Header cell value: 'URL /Path of Img'
Header cell value: 'MinTimeInAdvanced'
Header cell value: 'MaxTimeInAdvanced'
Header cell value: 'MinGuestAllowed'
Header cell value: 'From'
Header cell value: 'To'
Header cell value: 'Plan Name'
Header cell value: 'URL /Path of Img'
Header cell value: 'MinTimeInAdvanced'
Header cell value: 'MaxTimeInAdvanced'
Header cell value: 'MinGuestAllowed'
Header cell value: 'From'
Header cell value: 'To'
Header cell value: 'MaxGuestPerSlot'
Header cell value: 'Plan Name'
Header cell value: 'URL /Path of Img'
Header cell value: 'MinTimeInAdvanced'
Header cell value: 'MaxTimeInAdvanced'
Header cell value: 'MinGuestAllowed'
Header cell value: 'From'
Header cell value: 'To'
Header cell value: 'MaxGuestPerSlot'
Header cell value: 'GuestPerPackage'
Header cell value: 'Plan Name'
Header cell value: 'URL /Path of Img'
Header cell value: 'MinTimeInAdvanced'
Header cell value: 'MaxTimeInAdvanced'
Header cell value: 'MinGuestAllowed'
Header cell value: 'From'
Header cell value: 'To'
Header cell value: 'MaxGuestPerSlot'
Header cell value: 'GuestPerPackage'
Header cell value: 'MaxPackages/Event Allowed'
Header cell value: 'Plan Name'
Header cell value: 'URL /Path of Img'
Header cell value: 'MinTimeInAdvanced'
Header cell value: 'MaxTimeInAdvanced'
Header cell value: 'MinGuestAllowed'
Header cell value: 'From'
Header cell value: 'To'
Header cell value: 'MaxGuestPerSlot'
Header cell value: 'GuestPerPackage'
Header cell value: 'MaxPackages/Event Allowed'
Header cell value: 'MaxGuestsAllowed'
Header cell value: 'Plan Name'
Header cell value: 'URL /Path of Img'
Header cell value: 'MinTimeInAdvanced'
Header cell value: 'MaxTimeInAdvanced'
Header cell value: 'MinGuestAllowed'
Header cell value: 'From'
Header cell value: 'To'
Header cell value: 'MaxGuestPerSlot'
Header cell value: 'GuestPerPackage'
Header cell value: 'MaxPackages/Event Allowed'
Header cell value: 'MaxGuestsAllowed'
Header cell value: 'PurchaseItemsName'
Header cell value: 'Plan Name'
Header cell value: 'URL /Path of Img'
Header cell value: 'MinTimeInAdvanced'
Header cell value: 'MaxTimeInAdvanced'
Header cell value: 'MinGuestAllowed'
Header cell value: 'From'
Header cell value: 'To'
Header cell value: 'MaxGuestPerSlot'
Header cell value: 'GuestPerPackage'
Header cell value: 'MaxPackages/Event Allowed'
Header cell value: 'MaxGuestsAllowed'
Header cell value: 'PurchaseItemsName'
Header cell value: 'PurchaseItemsprice'
Header cell value: 'Plan Name'
Header cell value: 'URL /Path of Img'
Header cell value: 'MinTimeInAdvanced'
Header cell value: 'MaxTimeInAdvanced'
Header cell value: 'MinGuestAllowed'
Header cell value: 'From'
Header cell value: 'To'
Header cell value: 'MaxGuestPerSlot'
Header cell value: 'GuestPerPackage'
Header cell value: 'MaxPackages/Event Allowed'
Header cell value: 'MaxGuestsAllowed'
Header cell value: 'PurchaseItemsName'
Header cell value: 'PurchaseItemsprice'
Header cell value: 'PurchaseItemSaleTax'
Header cell value: 'Plan Name'
Header cell value: 'URL /Path of Img'
Header cell value: 'MinTimeInAdvanced'
Header cell value: 'MaxTimeInAdvanced'
Header cell value: 'MinGuestAllowed'
Header cell value: 'From'
Header cell value: 'To'
Header cell value: 'MaxGuestPerSlot'
Header cell value: 'GuestPerPackage'
Header cell value: 'MaxPackages/Event Allowed'
Header cell value: 'MaxGuestsAllowed'
Header cell value: 'PurchaseItemsName'
Header cell value: 'PurchaseItemsprice'
Header cell value: 'PurchaseItemSaleTax'
Header cell value: 'PurchaseItemTimeFrame'
Header cell value: 'Plan Name'
Header cell value: 'URL /Path of Img'
Header cell value: 'MinTimeInAdvanced'
Header cell value: 'MaxTimeInAdvanced'
Header cell value: 'MinGuestAllowed'
Header cell value: 'From'
Header cell value: 'To'
Header cell value: 'MaxGuestPerSlot'
Header cell value: 'GuestPerPackage'
Header cell value: 'MaxPackages/Event Allowed'
Header cell value: 'MaxGuestsAllowed'
Header cell value: 'PurchaseItemsName'
Header cell value: 'PurchaseItemsprice'
Header cell value: 'PurchaseItemSaleTax'
Header cell value: 'PurchaseItemTimeFrame'
Header cell value: 'SlotNo1'
Header cell value: 'SlotNo2'
Header cell value: 'Slot1StartTimehour'
Header cell value: 'Plan Name'
Header cell value: 'URL /Path of Img'
Header cell value: 'MinTimeInAdvanced'
Header cell value: 'MaxTimeInAdvanced'
Header cell value: 'MinGuestAllowed'
Header cell value: 'From'
Header cell value: 'To'
Header cell value: 'MaxGuestPerSlot'
Header cell value: 'GuestPerPackage'
Header cell value: 'MaxPackages/Event Allowed'
Header cell value: 'MaxGuestsAllowed'
Header cell value: 'PurchaseItemsName'
Header cell value: 'PurchaseItemsprice'
Header cell value: 'PurchaseItemSaleTax'
Header cell value: 'PurchaseItemTimeFrame'
Header cell value: 'SlotNo1'
Header cell value: 'SlotNo2'
Header cell value: 'Slot1StartTimehour'
Header cell value: 'StartMinute'
Header cell value: 'Plan Name'
Header cell value: 'URL /Path of Img'
Header cell value: 'MinTimeInAdvanced'
Header cell value: 'MaxTimeInAdvanced'
Header cell value: 'MinGuestAllowed'
Header cell value: 'From'
Header cell value: 'To'
Header cell value: 'MaxGuestPerSlot'
Header cell value: 'GuestPerPackage'
Header cell value: 'MaxPackages/Event Allowed'
Header cell value: 'MaxGuestsAllowed'
Header cell value: 'PurchaseItemsName'
Header cell value: 'PurchaseItemsprice'
Header cell value: 'PurchaseItemSaleTax'
Header cell value: 'PurchaseItemTimeFrame'
Header cell value: 'SlotNo1'
Header cell value: 'SlotNo2'
Header cell value: 'Slot1StartTimehour'
Header cell value: 'StartMinute'
Header cell value: 'EndMinute'
Header cell value: 'StartTimeAMPM'
Header cell value: 'Plan Name'
Header cell value: 'URL /Path of Img'
Header cell value: 'MinTimeInAdvanced'
Header cell value: 'MaxTimeInAdvanced'
Header cell value: 'MinGuestAllowed'
Header cell value: 'From'
Header cell value: 'To'
Header cell value: 'MaxGuestPerSlot'
Header cell value: 'GuestPerPackage'
Header cell value: 'MaxPackages/Event Allowed'
Header cell value: 'MaxGuestsAllowed'
Header cell value: 'PurchaseItemsName'
Header cell value: 'PurchaseItemsprice'
Header cell value: 'PurchaseItemSaleTax'
Header cell value: 'PurchaseItemTimeFrame'
Header cell value: 'SlotNo1'
Header cell value: 'SlotNo2'
Header cell value: 'Slot1StartTimehour'
Header cell value: 'StartMinute'
Header cell value: 'EndMinute'
Header cell value: 'StartTimeAMPM'
Header cell value: 'EndTimeAMPM'
Header cell value: 'Slot1EndTimehour'
Header cell value: 'Plan Name'
Header cell value: 'URL /Path of Img'
Header cell value: 'MinTimeInAdvanced'
Header cell value: 'MaxTimeInAdvanced'
Header cell value: 'MinGuestAllowed'
Header cell value: 'From'
Header cell value: 'To'
Header cell value: 'MaxGuestPerSlot'
Header cell value: 'GuestPerPackage'
Header cell value: 'MaxPackages/Event Allowed'
Header cell value: 'MaxGuestsAllowed'
Header cell value: 'PurchaseItemsName'
Header cell value: 'PurchaseItemsprice'
Header cell value: 'PurchaseItemSaleTax'
Header cell value: 'PurchaseItemTimeFrame'
Header cell value: 'SlotNo1'
Header cell value: 'SlotNo2'
Header cell value: 'Slot1StartTimehour'
Header cell value: 'StartMinute'
Header cell value: 'EndMinute'
Header cell value: 'Plan Name'
Header cell value: 'URL /Path of Img'
Header cell value: 'MinTimeInAdvanced'
Header cell value: 'MaxTimeInAdvanced'
Header cell value: 'MinGuestAllowed'
Header cell value: 'From'
Header cell value: 'To'
Header cell value: 'MaxGuestPerSlot'
Header cell value: 'GuestPerPackage'
Header cell value: 'MaxPackages/Event Allowed'
Header cell value: 'MaxGuestsAllowed'
Header cell value: 'PurchaseItemsName'
Header cell value: 'PurchaseItemsprice'
Header cell value: 'PurchaseItemSaleTax'
Header cell value: 'PurchaseItemTimeFrame'
Header cell value: 'SlotNo1'
Header cell value: 'SlotNo2'
Header cell value: 'Slot1StartTimehour'
Header cell value: 'StartMinute'
Header cell value: 'EndMinute'
Header cell value: 'StartTimeAMPM'
Header cell value: 'EndTimeAMPM'
Header cell value: 'Plan Name'
Header cell value: 'URL /Path of Img'
Header cell value: 'MinTimeInAdvanced'
Header cell value: 'MaxTimeInAdvanced'
Header cell value: 'MinGuestAllowed'
Header cell value: 'From'
Header cell value: 'To'
Header cell value: 'MaxGuestPerSlot'
Header cell value: 'GuestPerPackage'
Header cell value: 'MaxPackages/Event Allowed'
Header cell value: 'MaxGuestsAllowed'
Header cell value: 'PurchaseItemsName'
Header cell value: 'PurchaseItemsprice'
Header cell value: 'PurchaseItemSaleTax'
Header cell value: 'PurchaseItemTimeFrame'
Header cell value: 'SlotNo1'
Header cell value: 'SlotNo2'
Header cell value: 'Slot1StartTimehour'
Header cell value: 'StartMinute'
Header cell value: 'EndMinute'
Header cell value: 'StartTimeAMPM'
Header cell value: 'EndTimeAMPM'
Header cell value: 'Slot1EndTimehour'
Header cell value: 'PackageSlot1/Person/guest/slot/Event  price'
Header cell value: 'packageSlot1/Person/guest/slot SaleTax'
Header cell value: 'AdditionalGuestSlot1Price'
Header cell value: 'AdditonalGuestSlot1SaleTax'
Header cell value: 'Slot2StartTimehour'
Header cell value: 'Plan Name'
Header cell value: 'URL /Path of Img'
Header cell value: 'MinTimeInAdvanced'
Header cell value: 'MaxTimeInAdvanced'
Header cell value: 'MinGuestAllowed'
Header cell value: 'From'
Header cell value: 'To'
Header cell value: 'MaxGuestPerSlot'
Header cell value: 'GuestPerPackage'
Header cell value: 'MaxPackages/Event Allowed'
Header cell value: 'MaxGuestsAllowed'
Header cell value: 'PurchaseItemsName'
Header cell value: 'PurchaseItemsprice'
Header cell value: 'PurchaseItemSaleTax'
Header cell value: 'PurchaseItemTimeFrame'
Header cell value: 'SlotNo1'
Header cell value: 'SlotNo2'
Header cell value: 'Slot1StartTimehour'
Header cell value: 'StartMinute'
Header cell value: 'Plan Name'
Header cell value: 'URL /Path of Img'
Header cell value: 'MinTimeInAdvanced'
Header cell value: 'MaxTimeInAdvanced'
Header cell value: 'MinGuestAllowed'
Header cell value: 'From'
Header cell value: 'To'
Header cell value: 'MaxGuestPerSlot'
Header cell value: 'GuestPerPackage'
Header cell value: 'MaxPackages/Event Allowed'
Header cell value: 'MaxGuestsAllowed'
Header cell value: 'PurchaseItemsName'
Header cell value: 'PurchaseItemsprice'
Header cell value: 'PurchaseItemSaleTax'
Header cell value: 'PurchaseItemTimeFrame'
Header cell value: 'SlotNo1'
Header cell value: 'SlotNo2'
Header cell value: 'Slot1StartTimehour'
Header cell value: 'StartMinute'
Header cell value: 'EndMinute'
Header cell value: 'StartTimeAMPM'
Header cell value: 'Plan Name'
Header cell value: 'URL /Path of Img'
Header cell value: 'MinTimeInAdvanced'
Header cell value: 'MaxTimeInAdvanced'
Header cell value: 'MinGuestAllowed'
Header cell value: 'From'
Header cell value: 'To'
Header cell value: 'MaxGuestPerSlot'
Header cell value: 'GuestPerPackage'
Header cell value: 'MaxPackages/Event Allowed'
Header cell value: 'MaxGuestsAllowed'
Header cell value: 'PurchaseItemsName'
Header cell value: 'PurchaseItemsprice'
Header cell value: 'PurchaseItemSaleTax'
Header cell value: 'PurchaseItemTimeFrame'
Header cell value: 'SlotNo1'
Header cell value: 'SlotNo2'
Header cell value: 'Slot1StartTimehour'
Header cell value: 'StartMinute'
Header cell value: 'EndMinute'
Header cell value: 'StartTimeAMPM'
Header cell value: 'EndTimeAMPM'
Header cell value: 'Slot1EndTimehour'
Header cell value: 'PackageSlot1/Person/guest/slot/Event  price'
Header cell value: 'packageSlot1/Person/guest/slot SaleTax'
Header cell value: 'AdditionalGuestSlot1Price'
Header cell value: 'AdditonalGuestSlot1SaleTax'
Header cell value: 'Slot2StartTimehour'
Header cell value: 'Slot2EndTimehour'
Header cell value: 'Plan Name'
Header cell value: 'URL /Path of Img'
Header cell value: 'MinTimeInAdvanced'
Header cell value: 'MaxTimeInAdvanced'
Header cell value: 'MinGuestAllowed'
Header cell value: 'From'
Header cell value: 'To'
Header cell value: 'MaxGuestPerSlot'
Header cell value: 'GuestPerPackage'
Header cell value: 'MaxPackages/Event Allowed'
Header cell value: 'MaxGuestsAllowed'
Header cell value: 'PurchaseItemsName'
Header cell value: 'PurchaseItemsprice'
Header cell value: 'PurchaseItemSaleTax'
Header cell value: 'PurchaseItemTimeFrame'
Header cell value: 'SlotNo1'
Header cell value: 'SlotNo2'
Header cell value: 'Slot1StartTimehour'
Header cell value: 'StartMinute'
Header cell value: 'EndMinute'
Header cell value: 'Plan Name'
Header cell value: 'URL /Path of Img'
Header cell value: 'MinTimeInAdvanced'
Header cell value: 'MaxTimeInAdvanced'
Header cell value: 'MinGuestAllowed'
Header cell value: 'From'
Header cell value: 'To'
Header cell value: 'MaxGuestPerSlot'
Header cell value: 'GuestPerPackage'
Header cell value: 'MaxPackages/Event Allowed'
Header cell value: 'MaxGuestsAllowed'
Header cell value: 'PurchaseItemsName'
Header cell value: 'PurchaseItemsprice'
Header cell value: 'PurchaseItemSaleTax'
Header cell value: 'PurchaseItemTimeFrame'
Header cell value: 'SlotNo1'
Header cell value: 'SlotNo2'
Header cell value: 'Slot1StartTimehour'
Header cell value: 'StartMinute'
Header cell value: 'EndMinute'
Header cell value: 'StartTimeAMPM'
Header cell value: 'EndTimeAMPM'
Header cell value: 'Plan Name'
Header cell value: 'URL /Path of Img'
Header cell value: 'MinTimeInAdvanced'
Header cell value: 'MaxTimeInAdvanced'
Header cell value: 'MinGuestAllowed'
Header cell value: 'From'
Header cell value: 'To'
Header cell value: 'MaxGuestPerSlot'
Header cell value: 'GuestPerPackage'
Header cell value: 'MaxPackages/Event Allowed'
Header cell value: 'MaxGuestsAllowed'
Header cell value: 'PurchaseItemsName'
Header cell value: 'PurchaseItemsprice'
Header cell value: 'PurchaseItemSaleTax'
Header cell value: 'PurchaseItemTimeFrame'
Header cell value: 'SlotNo1'
Header cell value: 'SlotNo2'
Header cell value: 'Slot1StartTimehour'
Header cell value: 'StartMinute'
Header cell value: 'EndMinute'
Header cell value: 'StartTimeAMPM'
Header cell value: 'EndTimeAMPM'
Header cell value: 'Slot1EndTimehour'
Header cell value: 'PackageSlot1/Person/guest/slot/Event  price'
Header cell value: 'Plan Name'
Header cell value: 'URL /Path of Img'
Header cell value: 'MinTimeInAdvanced'
Header cell value: 'MaxTimeInAdvanced'
Header cell value: 'MinGuestAllowed'
Header cell value: 'From'
Header cell value: 'To'
Header cell value: 'MaxGuestPerSlot'
Header cell value: 'GuestPerPackage'
Header cell value: 'MaxPackages/Event Allowed'
Header cell value: 'MaxGuestsAllowed'
Header cell value: 'PurchaseItemsName'
Header cell value: 'PurchaseItemsprice'
Header cell value: 'PurchaseItemSaleTax'
Header cell value: 'PurchaseItemTimeFrame'
Header cell value: 'SlotNo1'
Header cell value: 'SlotNo2'
Header cell value: 'Slot1StartTimehour'
Header cell value: 'StartMinute'
Header cell value: 'EndMinute'
Header cell value: 'StartTimeAMPM'
Header cell value: 'EndTimeAMPM'
Header cell value: 'Slot1EndTimehour'
Header cell value: 'PackageSlot1/Person/guest/slot/Event  price'
Header cell value: 'packageSlot1/Person/guest/slot SaleTax'
Header cell value: 'AdditionalGuestSlot1Price'
Header cell value: 'Plan Name'
Header cell value: 'URL /Path of Img'
Header cell value: 'MinTimeInAdvanced'
Header cell value: 'MaxTimeInAdvanced'
Header cell value: 'MinGuestAllowed'
Header cell value: 'From'
Header cell value: 'To'
Header cell value: 'MaxGuestPerSlot'
Header cell value: 'GuestPerPackage'
Header cell value: 'MaxPackages/Event Allowed'
Header cell value: 'MaxGuestsAllowed'
Header cell value: 'PurchaseItemsName'
Header cell value: 'PurchaseItemsprice'
Header cell value: 'PurchaseItemSaleTax'
Header cell value: 'PurchaseItemTimeFrame'
Header cell value: 'SlotNo1'
Header cell value: 'SlotNo2'
Header cell value: 'Slot1StartTimehour'
Header cell value: 'StartMinute'
Header cell value: 'EndMinute'
Header cell value: 'StartTimeAMPM'
Header cell value: 'EndTimeAMPM'
Header cell value: 'Slot1EndTimehour'
Header cell value: 'PackageSlot1/Person/guest/slot/Event  price'
Header cell value: 'packageSlot1/Person/guest/slot SaleTax'
Header cell value: 'Plan Name'
Header cell value: 'URL /Path of Img'
Header cell value: 'MinTimeInAdvanced'
Header cell value: 'MaxTimeInAdvanced'
Header cell value: 'MinGuestAllowed'
Header cell value: 'From'
Header cell value: 'To'
Header cell value: 'MaxGuestPerSlot'
Header cell value: 'GuestPerPackage'
Header cell value: 'MaxPackages/Event Allowed'
Header cell value: 'MaxGuestsAllowed'
Header cell value: 'PurchaseItemsName'
Header cell value: 'PurchaseItemsprice'
Header cell value: 'PurchaseItemSaleTax'
Header cell value: 'PurchaseItemTimeFrame'
Header cell value: 'SlotNo1'
Header cell value: 'SlotNo2'
Header cell value: 'Slot1StartTimehour'
Header cell value: 'StartMinute'
Header cell value: 'EndMinute'
Header cell value: 'StartTimeAMPM'
Header cell value: 'EndTimeAMPM'
Header cell value: 'Slot1EndTimehour'
Header cell value: 'PackageSlot1/Person/guest/slot/Event  price'
Header cell value: 'packageSlot1/Person/guest/slot SaleTax'
Header cell value: 'AdditionalGuestSlot1Price'
Header cell value: 'AdditonalGuestSlot1SaleTax'
Header cell value: 'Plan Name'
Header cell value: 'URL /Path of Img'
Header cell value: 'MinTimeInAdvanced'
Header cell value: 'MaxTimeInAdvanced'
Header cell value: 'MinGuestAllowed'
Header cell value: 'From'
Header cell value: 'To'
Header cell value: 'MaxGuestPerSlot'
Header cell value: 'GuestPerPackage'
Header cell value: 'MaxPackages/Event Allowed'
Header cell value: 'MaxGuestsAllowed'
Header cell value: 'PurchaseItemsName'
Header cell value: 'PurchaseItemsprice'
Header cell value: 'PurchaseItemSaleTax'
Header cell value: 'PurchaseItemTimeFrame'
Header cell value: 'SlotNo1'
Header cell value: 'SlotNo2'
Header cell value: 'Slot1StartTimehour'
Header cell value: 'StartMinute'
Header cell value: 'EndMinute'
Header cell value: 'StartTimeAMPM'
Header cell value: 'EndTimeAMPM'
Header cell value: 'Slot1EndTimehour'
Header cell value: 'PackageSlot1/Person/guest/slot/Event  price'
Header cell value: 'packageSlot1/Person/guest/slot SaleTax'
Header cell value: 'AdditionalGuestSlot1Price'
Header cell value: 'AdditonalGuestSlot1SaleTax'
Header cell value: 'Slot2StartTimehour'
Header cell value: 'Slot2EndTimehour'
Header cell value: 'PackageSlot2/Person/guest/slotPrice'
Header cell value: 'Plan Name'
Header cell value: 'URL /Path of Img'
Header cell value: 'MinTimeInAdvanced'
Header cell value: 'MaxTimeInAdvanced'
Header cell value: 'MinGuestAllowed'
Header cell value: 'From'
Header cell value: 'To'
Header cell value: 'MaxGuestPerSlot'
Header cell value: 'GuestPerPackage'
Header cell value: 'MaxPackages/Event Allowed'
Header cell value: 'MaxGuestsAllowed'
Header cell value: 'PurchaseItemsName'
Header cell value: 'PurchaseItemsprice'
Header cell value: 'PurchaseItemSaleTax'
Header cell value: 'PurchaseItemTimeFrame'
Header cell value: 'SlotNo1'
Header cell value: 'SlotNo2'
Header cell value: 'Slot1StartTimehour'
Header cell value: 'StartMinute'
Header cell value: 'EndMinute'
Header cell value: 'StartTimeAMPM'
Header cell value: 'EndTimeAMPM'
Header cell value: 'Slot1EndTimehour'
Header cell value: 'PackageSlot1/Person/guest/slot/Event  price'
Header cell value: 'packageSlot1/Person/guest/slot SaleTax'
Header cell value: 'AdditionalGuestSlot1Price'
Header cell value: 'AdditonalGuestSlot1SaleTax'
Header cell value: 'Slot2StartTimehour'
Header cell value: 'Slot2EndTimehour'
Header cell value: 'PackageSlot2/Person/guest/slotPrice'
Header cell value: 'packageSlot2/Person/guest/slot SaleTax'
Header cell value: 'AdditionalGuestSlot2Price'
Header cell value: 'Plan Name'
Header cell value: 'URL /Path of Img'
Header cell value: 'MinTimeInAdvanced'
Header cell value: 'MaxTimeInAdvanced'
Header cell value: 'MinGuestAllowed'
Header cell value: 'From'
Header cell value: 'To'
Header cell value: 'MaxGuestPerSlot'
Header cell value: 'GuestPerPackage'
Header cell value: 'MaxPackages/Event Allowed'
Header cell value: 'MaxGuestsAllowed'
Header cell value: 'PurchaseItemsName'
Header cell value: 'PurchaseItemsprice'
Header cell value: 'PurchaseItemSaleTax'
Header cell value: 'PurchaseItemTimeFrame'
Header cell value: 'SlotNo1'
Header cell value: 'SlotNo2'
Header cell value: 'Slot1StartTimehour'
Header cell value: 'StartMinute'
Header cell value: 'EndMinute'
Header cell value: 'StartTimeAMPM'
Header cell value: 'EndTimeAMPM'
Header cell value: 'Slot1EndTimehour'
Header cell value: 'PackageSlot1/Person/guest/slot/Event  price'
Header cell value: 'packageSlot1/Person/guest/slot SaleTax'
Header cell value: 'AdditionalGuestSlot1Price'
Header cell value: 'AdditonalGuestSlot1SaleTax'
Header cell value: 'Slot2StartTimehour'
Header cell value: 'Slot2EndTimehour'
Header cell value: 'PackageSlot2/Person/guest/slotPrice'
Header cell value: 'packageSlot2/Person/guest/slot SaleTax'
Header cell value: 'Plan Name'
Header cell value: 'URL /Path of Img'
Header cell value: 'MinTimeInAdvanced'
Header cell value: 'MaxTimeInAdvanced'
Header cell value: 'MinGuestAllowed'
Header cell value: 'From'
Header cell value: 'To'
Header cell value: 'MaxGuestPerSlot'
Header cell value: 'GuestPerPackage'
Header cell value: 'MaxPackages/Event Allowed'
Header cell value: 'MaxGuestsAllowed'
Header cell value: 'PurchaseItemsName'
Header cell value: 'PurchaseItemsprice'
Header cell value: 'PurchaseItemSaleTax'
Header cell value: 'PurchaseItemTimeFrame'
Header cell value: 'SlotNo1'
Header cell value: 'SlotNo2'
Header cell value: 'Slot1StartTimehour'
Header cell value: 'StartMinute'
Header cell value: 'EndMinute'
Header cell value: 'StartTimeAMPM'
Header cell value: 'EndTimeAMPM'
Header cell value: 'Slot1EndTimehour'
Header cell value: 'PackageSlot1/Person/guest/slot/Event  price'
Header cell value: 'packageSlot1/Person/guest/slot SaleTax'
Header cell value: 'AdditionalGuestSlot1Price'
Header cell value: 'AdditonalGuestSlot1SaleTax'
Header cell value: 'Slot2StartTimehour'
Header cell value: 'Slot2EndTimehour'
Header cell value: 'PackageSlot2/Person/guest/slotPrice'
Header cell value: 'packageSlot2/Person/guest/slot SaleTax'
Header cell value: 'AdditionalGuestSlot2Price'
Header cell value: 'AdditonalGuestSlot2SaleTax'
Header cell value: 'Plan Name'
Header cell value: 'URL /Path of Img'
Header cell value: 'MinTimeInAdvanced'
Header cell value: 'MaxTimeInAdvanced'
Header cell value: 'MinGuestAllowed'
Header cell value: 'From'
Header cell value: 'To'
Header cell value: 'MaxGuestPerSlot'
Header cell value: 'GuestPerPackage'
Header cell value: 'MaxPackages/Event Allowed'
Header cell value: 'MaxGuestsAllowed'
Header cell value: 'PurchaseItemsName'
Header cell value: 'PurchaseItemsprice'
Header cell value: 'PurchaseItemSaleTax'
Header cell value: 'PurchaseItemTimeFrame'
Header cell value: 'SlotNo1'
Header cell value: 'SlotNo2'
Header cell value: 'Slot1StartTimehour'
Header cell value: 'StartMinute'
Header cell value: 'EndMinute'
Header cell value: 'StartTimeAMPM'
Header cell value: 'EndTimeAMPM'
Header cell value: 'Slot1EndTimehour'
Header cell value: 'PackageSlot1/Person/guest/slot/Event  price'
Header cell value: 'packageSlot1/Person/guest/slot SaleTax'
Header cell value: 'AdditionalGuestSlot1Price'
Header cell value: 'AdditonalGuestSlot1SaleTax'
Header cell value: 'Slot2StartTimehour'
Header cell value: 'Slot2EndTimehour'
Header cell value: 'PackageSlot2/Person/guest/slotPrice'
Header cell value: 'packageSlot2/Person/guest/slot SaleTax'
Header cell value: 'AdditionalGuestSlot2Price'
Header cell value: 'AdditonalGuestSlot2SaleTax'
Header cell value: 'ProcessingFeeName'
Header cell value: 'ProcessingFeeAmount'
Header cell value: 'Refund Type'
Header cell value: 'Plan Name'
Header cell value: 'URL /Path of Img'
Header cell value: 'MinTimeInAdvanced'
Header cell value: 'MaxTimeInAdvanced'
Header cell value: 'MinGuestAllowed'
Header cell value: 'From'
Header cell value: 'To'
Header cell value: 'MaxGuestPerSlot'
Header cell value: 'GuestPerPackage'
Header cell value: 'MaxPackages/Event Allowed'
Header cell value: 'MaxGuestsAllowed'
Header cell value: 'PurchaseItemsName'
Header cell value: 'PurchaseItemsprice'
Header cell value: 'PurchaseItemSaleTax'
Header cell value: 'PurchaseItemTimeFrame'
Header cell value: 'SlotNo1'
Header cell value: 'SlotNo2'
Header cell value: 'Slot1StartTimehour'
Header cell value: 'StartMinute'
Header cell value: 'EndMinute'
Header cell value: 'StartTimeAMPM'
Header cell value: 'EndTimeAMPM'
Header cell value: 'Slot1EndTimehour'
Header cell value: 'PackageSlot1/Person/guest/slot/Event  price'
Header cell value: 'packageSlot1/Person/guest/slot SaleTax'
Header cell value: 'AdditionalGuestSlot1Price'
Header cell value: 'AdditonalGuestSlot1SaleTax'
Header cell value: 'Slot2StartTimehour'
Header cell value: 'Slot2EndTimehour'
Header cell value: 'PackageSlot2/Person/guest/slotPrice'
Header cell value: 'packageSlot2/Person/guest/slot SaleTax'
Header cell value: 'AdditionalGuestSlot2Price'
Header cell value: 'AdditonalGuestSlot2SaleTax'
Header cell value: 'ProcessingFeeName'
Header cell value: 'ProcessingFeeAmount'
Header cell value: 'Refund Type'
Header cell value: 'Refund Amount'
Header cell value: 'Plan Name'
Header cell value: 'URL /Path of Img'
Header cell value: 'MinTimeInAdvanced'
Header cell value: 'MaxTimeInAdvanced'
Header cell value: 'MinGuestAllowed'
Header cell value: 'From'
Header cell value: 'To'
Header cell value: 'MaxGuestPerSlot'
Header cell value: 'GuestPerPackage'
Header cell value: 'MaxPackages/Event Allowed'
Header cell value: 'MaxGuestsAllowed'
Header cell value: 'PurchaseItemsName'
Header cell value: 'PurchaseItemsprice'
Header cell value: 'PurchaseItemSaleTax'
Header cell value: 'PurchaseItemTimeFrame'
Header cell value: 'SlotNo1'
Header cell value: 'SlotNo2'
Header cell value: 'Slot1StartTimehour'
Header cell value: 'StartMinute'
Header cell value: 'EndMinute'
Header cell value: 'StartTimeAMPM'
Header cell value: 'EndTimeAMPM'
Header cell value: 'Slot1EndTimehour'
Header cell value: 'PackageSlot1/Person/guest/slot/Event  price'
Header cell value: 'packageSlot1/Person/guest/slot SaleTax'
Header cell value: 'AdditionalGuestSlot1Price'
Header cell value: 'AdditonalGuestSlot1SaleTax'
Header cell value: 'Slot2StartTimehour'
Header cell value: 'Slot2EndTimehour'
Header cell value: 'PackageSlot2/Person/guest/slotPrice'
Header cell value: 'packageSlot2/Person/guest/slot SaleTax'
Header cell value: 'AdditionalGuestSlot2Price'
Header cell value: 'AdditonalGuestSlot2SaleTax'
Header cell value: 'ProcessingFeeName'
Header cell value: 'Plan Name'
Header cell value: 'URL /Path of Img'
Header cell value: 'MinTimeInAdvanced'
Header cell value: 'MaxTimeInAdvanced'
Header cell value: 'MinGuestAllowed'
Header cell value: 'From'
Header cell value: 'To'
Header cell value: 'MaxGuestPerSlot'
Header cell value: 'GuestPerPackage'
Header cell value: 'MaxPackages/Event Allowed'
Header cell value: 'MaxGuestsAllowed'
Header cell value: 'PurchaseItemsName'
Header cell value: 'PurchaseItemsprice'
Header cell value: 'PurchaseItemSaleTax'
Header cell value: 'PurchaseItemTimeFrame'
Header cell value: 'SlotNo1'
Header cell value: 'SlotNo2'
Header cell value: 'Slot1StartTimehour'
Header cell value: 'StartMinute'
Header cell value: 'EndMinute'
Header cell value: 'StartTimeAMPM'
Header cell value: 'EndTimeAMPM'
Header cell value: 'Slot1EndTimehour'
Header cell value: 'PackageSlot1/Person/guest/slot/Event  price'
Header cell value: 'packageSlot1/Person/guest/slot SaleTax'
Header cell value: 'AdditionalGuestSlot1Price'
Header cell value: 'AdditonalGuestSlot1SaleTax'
Header cell value: 'Slot2StartTimehour'
Header cell value: 'Slot2EndTimehour'
Header cell value: 'PackageSlot2/Person/guest/slotPrice'
Header cell value: 'packageSlot2/Person/guest/slot SaleTax'
Header cell value: 'AdditionalGuestSlot2Price'
Header cell value: 'AdditonalGuestSlot2SaleTax'
Header cell value: 'ProcessingFeeName'
Header cell value: 'ProcessingFeeAmount'
Header cell value: 'Plan Name'
Header cell value: 'URL /Path of Img'
Header cell value: 'MinTimeInAdvanced'
Header cell value: 'MaxTimeInAdvanced'
Header cell value: 'MinGuestAllowed'
Header cell value: 'From'
Header cell value: 'To'
Header cell value: 'MaxGuestPerSlot'
Header cell value: 'GuestPerPackage'
Header cell value: 'MaxPackages/Event Allowed'
Header cell value: 'MaxGuestsAllowed'
Header cell value: 'PurchaseItemsName'
Header cell value: 'PurchaseItemsprice'
Header cell value: 'PurchaseItemSaleTax'
Header cell value: 'PurchaseItemTimeFrame'
Header cell value: 'SlotNo1'
Header cell value: 'Plan Name'
Header cell value: 'URL /Path of Img'
Header cell value: 'MinTimeInAdvanced'
Header cell value: 'MaxTimeInAdvanced'
Header cell value: 'MinGuestAllowed'
Header cell value: 'From'
Header cell value: 'To'
Header cell value: 'MaxGuestPerSlot'
Header cell value: 'GuestPerPackage'
Header cell value: 'MaxPackages/Event Allowed'
Header cell value: 'MaxGuestsAllowed'
Header cell value: 'PurchaseItemsName'
Header cell value: 'PurchaseItemsprice'
Header cell value: 'PurchaseItemSaleTax'
Header cell value: 'PurchaseItemTimeFrame'
Header cell value: 'SlotNo1'
Header cell value: 'SlotNo2'
Venue Details not added pop-up is not present.
issue cause is :Expected condition failed: waiting for element to be clickable: Proxy element for: DefaultElementLocator 'By.xpath: //select[@name='schedules.0.venueDetail.0.serviceCategory']' (tried for 30 second(s) with 500 milliseconds interval)
]]></system-out>
    <system-err><![CDATA[Apr 13, 2025 9:05:53 AM org.openqa.selenium.devtools.CdpVersionFinder findNearestMatch
WARNING: Unable to find CDP implementation matching 135
Apr 13, 2025 9:05:53 AM org.openqa.selenium.chromium.ChromiumDriver lambda$new$5
WARNING: Unable to find version of CDP to use for 135.0.7049.85. You may need to include a dependency on a specific version of the CDP using something similar to `org.seleniumhq.selenium:selenium-devtools-v86:4.18.1` where the version ("v86") matches the version of the chromium-based browser you're using and the version number of the artifact is the same as Selenium's.
org.openqa.selenium.TimeoutException: Expected condition failed: waiting for element to be clickable: Proxy element for: DefaultElementLocator 'By.xpath: //select[@name='schedules.0.venueDetail.0.serviceCategory']' (tried for 30 second(s) with 500 milliseconds interval)
	at org.openqa.selenium.support.ui.WebDriverWait.timeoutException(WebDriverWait.java:84)
	at org.openqa.selenium.support.ui.FluentWait.until(FluentWait.java:228)
	at com.bookingzoneadmin.pages.CreateBUY_NOWServicePlanPage.selectServiceCategory(CreateBUY_NOWServicePlanPage.java:254)
	at com.bookingzoneadmin.utils.CreatePlansCommonAction.configurePlanDetails(CreatePlansCommonAction.java:68)
	at com.bookingzoneadmin.createplans.tests.TC001_CreatePackageSessionPlan.testCreatePackageSessionPlan(TC001_CreatePackageSessionPlan.java:149)
	at java.base/jdk.internal.reflect.NativeMethodAccessorImpl.invoke0(Native Method)
	at java.base/jdk.internal.reflect.NativeMethodAccessorImpl.invoke(NativeMethodAccessorImpl.java:77)
	at java.base/jdk.internal.reflect.DelegatingMethodAccessorImpl.invoke(DelegatingMethodAccessorImpl.java:43)
	at java.base/java.lang.reflect.Method.invoke(Method.java:568)
	at org.testng.internal.invokers.MethodInvocationHelper.invokeMethod(MethodInvocationHelper.java:139)
	at org.testng.internal.invokers.TestInvoker.invokeMethod(TestInvoker.java:664)
	at org.testng.internal.invokers.TestInvoker.invokeTestMethod(TestInvoker.java:227)
	at org.testng.internal.invokers.MethodRunner.runInSequence(MethodRunner.java:50)
	at org.testng.internal.invokers.TestInvoker$MethodInvocationAgent.invoke(TestInvoker.java:957)
	at org.testng.internal.invokers.TestInvoker.invokeTestMethods(TestInvoker.java:200)
	at org.testng.internal.invokers.TestMethodWorker.invokeTestMethods(TestMethodWorker.java:148)
	at org.testng.internal.invokers.TestMethodWorker.run(TestMethodWorker.java:128)
	at java.base/java.util.ArrayList.forEach(ArrayList.java:1511)
	at org.testng.TestRunner.privateRun(TestRunner.java:848)
	at org.testng.TestRunner.run(TestRunner.java:621)
	at org.testng.SuiteRunner.runTest(SuiteRunner.java:443)
	at org.testng.SuiteRunner.runSequentially(SuiteRunner.java:437)
	at org.testng.SuiteRunner.privateRun(SuiteRunner.java:397)
	at org.testng.SuiteRunner.run(SuiteRunner.java:336)
	at org.testng.SuiteRunnerWorker.runSuite(SuiteRunnerWorker.java:52)
	at org.testng.SuiteRunnerWorker.run(SuiteRunnerWorker.java:95)
	at org.testng.TestNG.runSuitesSequentially(TestNG.java:1280)
	at org.testng.TestNG.runSuitesLocally(TestNG.java:1200)
	at org.testng.TestNG.runSuites(TestNG.java:1114)
	at org.testng.TestNG.run(TestNG.java:1082)
	at org.apache.maven.surefire.testng.TestNGExecutor.run(TestNGExecutor.java:324)
	at org.apache.maven.surefire.testng.TestNGXmlTestSuite.execute(TestNGXmlTestSuite.java:74)
	at org.apache.maven.surefire.testng.TestNGProvider.invoke(TestNGProvider.java:123)
	at org.apache.maven.surefire.booter.ForkedBooter.runSuitesInProcess(ForkedBooter.java:456)
	at org.apache.maven.surefire.booter.ForkedBooter.execute(ForkedBooter.java:169)
	at org.apache.maven.surefire.booter.ForkedBooter.run(ForkedBooter.java:595)
	at org.apache.maven.surefire.booter.ForkedBooter.main(ForkedBooter.java:581)
Caused by: org.openqa.selenium.NoSuchElementException: no such element: Unable to locate element: {"method":"xpath","selector":"//select[@name='schedules.0.venueDetail.0.serviceCategory']"}
  (Session info: chrome=135.0.7049.85)
For documentation on this error, please visit: https://www.selenium.dev/documentation/webdriver/troubleshooting/errors#no-such-element-exception
Build info: version: '4.18.1', revision: 'b1d3319b48'
System info: os.name: 'Windows 11', os.arch: 'amd64', os.version: '10.0', java.version: '17.0.6'
Driver info: org.openqa.selenium.chrome.ChromeDriver
Command: [7b0f7bbe1dbb392aecf0ae1f0f261a63, findElement {value=//select[@name='schedules.0.venueDetail.0.serviceCategory'], using=xpath}]
Capabilities {acceptInsecureCerts: false, browserName: chrome, browserVersion: 135.0.7049.85, chrome: {chromedriverVersion: 135.0.7049.84 (6c019e560019..., userDataDir: C:\Users\dipal\AppData\Loca...}, fedcm:accounts: true, goog:chromeOptions: {debuggerAddress: localhost:50026}, networkConnectionEnabled: false, pageLoadStrategy: normal, platformName: windows, proxy: Proxy(), se:cdp: ws://localhost:50026/devtoo..., se:cdpVersion: 135.0.7049.85, setWindowRect: true, strictFileInteractability: false, timeouts: {implicit: 0, pageLoad: 300000, script: 30000}, unhandledPromptBehavior: dismiss and notify, webauthn:extension:credBlob: true, webauthn:extension:largeBlob: true, webauthn:extension:minPinLength: true, webauthn:extension:prf: true, webauthn:virtualAuthenticators: true}
Session ID: 7b0f7bbe1dbb392aecf0ae1f0f261a63
	at jdk.internal.reflect.GeneratedConstructorAccessor57.newInstance(Unknown Source)
	at java.base/jdk.internal.reflect.DelegatingConstructorAccessorImpl.newInstance(DelegatingConstructorAccessorImpl.java:45)
	at java.base/java.lang.reflect.Constructor.newInstanceWithCaller(Constructor.java:499)
	at java.base/java.lang.reflect.Constructor.newInstance(Constructor.java:480)
	at org.openqa.selenium.remote.ErrorCodec.decode(ErrorCodec.java:167)
	at org.openqa.selenium.remote.codec.w3c.W3CHttpResponseCodec.decode(W3CHttpResponseCodec.java:138)
	at org.openqa.selenium.remote.codec.w3c.W3CHttpResponseCodec.decode(W3CHttpResponseCodec.java:50)
	at org.openqa.selenium.remote.HttpCommandExecutor.execute(HttpCommandExecutor.java:190)
	at org.openqa.selenium.remote.service.DriverCommandExecutor.invokeExecute(DriverCommandExecutor.java:216)
	at org.openqa.selenium.remote.service.DriverCommandExecutor.execute(DriverCommandExecutor.java:174)
	at org.openqa.selenium.remote.RemoteWebDriver.execute(RemoteWebDriver.java:519)
	at org.openqa.selenium.remote.ElementLocation$ElementFinder$2.findElement(ElementLocation.java:165)
	at org.openqa.selenium.remote.ElementLocation.findElement(ElementLocation.java:59)
	at org.openqa.selenium.remote.RemoteWebDriver.findElement(RemoteWebDriver.java:356)
	at org.openqa.selenium.remote.RemoteWebDriver.findElement(RemoteWebDriver.java:350)
	at org.openqa.selenium.support.pagefactory.DefaultElementLocator.findElement(DefaultElementLocator.java:68)
	at org.openqa.selenium.support.pagefactory.internal.LocatingElementHandler.invoke(LocatingElementHandler.java:38)
	at jdk.proxy2/jdk.proxy2.$Proxy28.isDisplayed(Unknown Source)
	at org.openqa.selenium.support.ui.ExpectedConditions.elementIfVisible(ExpectedConditions.java:304)
	at org.openqa.selenium.support.ui.ExpectedConditions$10.apply(ExpectedConditions.java:290)
	at org.openqa.selenium.support.ui.ExpectedConditions$10.apply(ExpectedConditions.java:287)
	at org.openqa.selenium.support.ui.ExpectedConditions$23.apply(ExpectedConditions.java:656)
	at org.openqa.selenium.support.ui.ExpectedConditions$23.apply(ExpectedConditions.java:652)
	at org.openqa.selenium.support.ui.FluentWait.until(FluentWait.java:203)
	... 35 more
]]></system-err>
  </testcase>
  <testcase name="testCreatePackageTimePlan" classname="com.bookingzoneadmin.createplans.tests.TC002_CreatePackageTimePlan" time="58.082">
    <failure message="Test case failed due to exception: Expected condition failed: waiting for element to be clickable: Proxy element for: DefaultElementLocator &apos;By.xpath: //select[@name=&apos;schedules.0.venueDetail.0.serviceCategory&apos;]&apos; (tried for 30 second(s) with 500 milliseconds interval)" type="java.lang.AssertionError"><![CDATA[java.lang.AssertionError: Test case failed due to exception: Expected condition failed: waiting for element to be clickable: Proxy element for: DefaultElementLocator 'By.xpath: //select[@name='schedules.0.venueDetail.0.serviceCategory']' (tried for 30 second(s) with 500 milliseconds interval)
	at org.testng.Assert.fail(Assert.java:111)
	at com.bookingzoneadmin.createplans.tests.TC002_CreatePackageTimePlan.handleException(TC002_CreatePackageTimePlan.java:247)
	at com.bookingzoneadmin.createplans.tests.TC002_CreatePackageTimePlan.testCreatePackageTimePlan(TC002_CreatePackageTimePlan.java:174)
	at java.base/jdk.internal.reflect.NativeMethodAccessorImpl.invoke0(Native Method)
	at java.base/jdk.internal.reflect.NativeMethodAccessorImpl.invoke(NativeMethodAccessorImpl.java:77)
	at java.base/jdk.internal.reflect.DelegatingMethodAccessorImpl.invoke(DelegatingMethodAccessorImpl.java:43)
	at java.base/java.lang.reflect.Method.invoke(Method.java:568)
	at org.testng.internal.invokers.MethodInvocationHelper.invokeMethod(MethodInvocationHelper.java:139)
	at org.testng.internal.invokers.TestInvoker.invokeMethod(TestInvoker.java:664)
	at org.testng.internal.invokers.TestInvoker.invokeTestMethod(TestInvoker.java:227)
	at org.testng.internal.invokers.MethodRunner.runInSequence(MethodRunner.java:50)
	at org.testng.internal.invokers.TestInvoker$MethodInvocationAgent.invoke(TestInvoker.java:957)
	at org.testng.internal.invokers.TestInvoker.invokeTestMethods(TestInvoker.java:200)
	at org.testng.internal.invokers.TestMethodWorker.invokeTestMethods(TestMethodWorker.java:148)
	at org.testng.internal.invokers.TestMethodWorker.run(TestMethodWorker.java:128)
	at java.base/java.util.ArrayList.forEach(ArrayList.java:1511)
	at org.testng.TestRunner.privateRun(TestRunner.java:848)
	at org.testng.TestRunner.run(TestRunner.java:621)
	at org.testng.SuiteRunner.runTest(SuiteRunner.java:443)
	at org.testng.SuiteRunner.runSequentially(SuiteRunner.java:437)
	at org.testng.SuiteRunner.privateRun(SuiteRunner.java:397)
	at org.testng.SuiteRunner.run(SuiteRunner.java:336)
	at org.testng.SuiteRunnerWorker.runSuite(SuiteRunnerWorker.java:52)
	at org.testng.SuiteRunnerWorker.run(SuiteRunnerWorker.java:95)
	at org.testng.TestNG.runSuitesSequentially(TestNG.java:1280)
	at org.testng.TestNG.runSuitesLocally(TestNG.java:1200)
	at org.testng.TestNG.runSuites(TestNG.java:1114)
	at org.testng.TestNG.run(TestNG.java:1082)
	at org.apache.maven.surefire.testng.TestNGExecutor.run(TestNGExecutor.java:324)
	at org.apache.maven.surefire.testng.TestNGXmlTestSuite.execute(TestNGXmlTestSuite.java:74)
	at org.apache.maven.surefire.testng.TestNGProvider.invoke(TestNGProvider.java:123)
	at org.apache.maven.surefire.booter.ForkedBooter.runSuitesInProcess(ForkedBooter.java:456)
	at org.apache.maven.surefire.booter.ForkedBooter.execute(ForkedBooter.java:169)
	at org.apache.maven.surefire.booter.ForkedBooter.run(ForkedBooter.java:595)
	at org.apache.maven.surefire.booter.ForkedBooter.main(ForkedBooter.java:581)
]]></failure>
    <system-out><![CDATA[Header cell value: 'Plan Name'
Header cell value: 'Plan Name'
Header cell value: 'URL /Path of Img'
Header cell value: 'Plan Name'
Header cell value: 'URL /Path of Img'
Header cell value: 'MinTimeInAdvanced'
Header cell value: 'Plan Name'
Header cell value: 'URL /Path of Img'
Header cell value: 'MinTimeInAdvanced'
Header cell value: 'MaxTimeInAdvanced'
Header cell value: 'Plan Name'
Header cell value: 'URL /Path of Img'
Header cell value: 'MinTimeInAdvanced'
Header cell value: 'MaxTimeInAdvanced'
Header cell value: 'MinGuestAllowed'
Header cell value: 'From'
Header cell value: 'Plan Name'
Header cell value: 'URL /Path of Img'
Header cell value: 'MinTimeInAdvanced'
Header cell value: 'MaxTimeInAdvanced'
Header cell value: 'MinGuestAllowed'
Header cell value: 'From'
Header cell value: 'To'
Header cell value: 'Plan Name'
Header cell value: 'URL /Path of Img'
Header cell value: 'MinTimeInAdvanced'
Header cell value: 'MaxTimeInAdvanced'
Header cell value: 'MinGuestAllowed'
Header cell value: 'From'
Header cell value: 'To'
Header cell value: 'MaxGuestPerSlot'
Header cell value: 'Plan Name'
Header cell value: 'URL /Path of Img'
Header cell value: 'MinTimeInAdvanced'
Header cell value: 'MaxTimeInAdvanced'
Header cell value: 'MinGuestAllowed'
Header cell value: 'From'
Header cell value: 'To'
Header cell value: 'MaxGuestPerSlot'
Header cell value: 'GuestPerPackage'
Header cell value: 'Plan Name'
Header cell value: 'URL /Path of Img'
Header cell value: 'MinTimeInAdvanced'
Header cell value: 'MaxTimeInAdvanced'
Header cell value: 'MinGuestAllowed'
Header cell value: 'From'
Header cell value: 'To'
Header cell value: 'MaxGuestPerSlot'
Header cell value: 'GuestPerPackage'
Header cell value: 'MaxPackages/Event Allowed'
Header cell value: 'Plan Name'
Header cell value: 'URL /Path of Img'
Header cell value: 'MinTimeInAdvanced'
Header cell value: 'MaxTimeInAdvanced'
Header cell value: 'MinGuestAllowed'
Header cell value: 'From'
Header cell value: 'To'
Header cell value: 'MaxGuestPerSlot'
Header cell value: 'GuestPerPackage'
Header cell value: 'MaxPackages/Event Allowed'
Header cell value: 'MaxGuestsAllowed'
Header cell value: 'Plan Name'
Header cell value: 'URL /Path of Img'
Header cell value: 'MinTimeInAdvanced'
Header cell value: 'MaxTimeInAdvanced'
Header cell value: 'MinGuestAllowed'
Header cell value: 'From'
Header cell value: 'To'
Header cell value: 'MaxGuestPerSlot'
Header cell value: 'GuestPerPackage'
Header cell value: 'MaxPackages/Event Allowed'
Header cell value: 'MaxGuestsAllowed'
Header cell value: 'PurchaseItemsName'
Header cell value: 'Plan Name'
Header cell value: 'URL /Path of Img'
Header cell value: 'MinTimeInAdvanced'
Header cell value: 'MaxTimeInAdvanced'
Header cell value: 'MinGuestAllowed'
Header cell value: 'From'
Header cell value: 'To'
Header cell value: 'MaxGuestPerSlot'
Header cell value: 'GuestPerPackage'
Header cell value: 'MaxPackages/Event Allowed'
Header cell value: 'MaxGuestsAllowed'
Header cell value: 'PurchaseItemsName'
Header cell value: 'PurchaseItemsprice'
Header cell value: 'Plan Name'
Header cell value: 'URL /Path of Img'
Header cell value: 'MinTimeInAdvanced'
Header cell value: 'MaxTimeInAdvanced'
Header cell value: 'MinGuestAllowed'
Header cell value: 'From'
Header cell value: 'To'
Header cell value: 'MaxGuestPerSlot'
Header cell value: 'GuestPerPackage'
Header cell value: 'MaxPackages/Event Allowed'
Header cell value: 'MaxGuestsAllowed'
Header cell value: 'PurchaseItemsName'
Header cell value: 'PurchaseItemsprice'
Header cell value: 'PurchaseItemSaleTax'
Header cell value: 'Plan Name'
Header cell value: 'URL /Path of Img'
Header cell value: 'MinTimeInAdvanced'
Header cell value: 'MaxTimeInAdvanced'
Header cell value: 'MinGuestAllowed'
Header cell value: 'From'
Header cell value: 'To'
Header cell value: 'MaxGuestPerSlot'
Header cell value: 'GuestPerPackage'
Header cell value: 'MaxPackages/Event Allowed'
Header cell value: 'MaxGuestsAllowed'
Header cell value: 'PurchaseItemsName'
Header cell value: 'PurchaseItemsprice'
Header cell value: 'PurchaseItemSaleTax'
Header cell value: 'PurchaseItemTimeFrame'
Header cell value: 'Plan Name'
Header cell value: 'URL /Path of Img'
Header cell value: 'MinTimeInAdvanced'
Header cell value: 'MaxTimeInAdvanced'
Header cell value: 'MinGuestAllowed'
Header cell value: 'From'
Header cell value: 'To'
Header cell value: 'MaxGuestPerSlot'
Header cell value: 'GuestPerPackage'
Header cell value: 'MaxPackages/Event Allowed'
Header cell value: 'MaxGuestsAllowed'
Header cell value: 'PurchaseItemsName'
Header cell value: 'PurchaseItemsprice'
Header cell value: 'PurchaseItemSaleTax'
Header cell value: 'PurchaseItemTimeFrame'
Header cell value: 'SlotNo1'
Header cell value: 'SlotNo2'
Header cell value: 'Slot1StartTimehour'
Header cell value: 'Plan Name'
Header cell value: 'URL /Path of Img'
Header cell value: 'MinTimeInAdvanced'
Header cell value: 'MaxTimeInAdvanced'
Header cell value: 'MinGuestAllowed'
Header cell value: 'From'
Header cell value: 'To'
Header cell value: 'MaxGuestPerSlot'
Header cell value: 'GuestPerPackage'
Header cell value: 'MaxPackages/Event Allowed'
Header cell value: 'MaxGuestsAllowed'
Header cell value: 'PurchaseItemsName'
Header cell value: 'PurchaseItemsprice'
Header cell value: 'PurchaseItemSaleTax'
Header cell value: 'PurchaseItemTimeFrame'
Header cell value: 'SlotNo1'
Header cell value: 'SlotNo2'
Header cell value: 'Slot1StartTimehour'
Header cell value: 'StartMinute'
Header cell value: 'Plan Name'
Header cell value: 'URL /Path of Img'
Header cell value: 'MinTimeInAdvanced'
Header cell value: 'MaxTimeInAdvanced'
Header cell value: 'MinGuestAllowed'
Header cell value: 'From'
Header cell value: 'To'
Header cell value: 'MaxGuestPerSlot'
Header cell value: 'GuestPerPackage'
Header cell value: 'MaxPackages/Event Allowed'
Header cell value: 'MaxGuestsAllowed'
Header cell value: 'PurchaseItemsName'
Header cell value: 'PurchaseItemsprice'
Header cell value: 'PurchaseItemSaleTax'
Header cell value: 'PurchaseItemTimeFrame'
Header cell value: 'SlotNo1'
Header cell value: 'SlotNo2'
Header cell value: 'Slot1StartTimehour'
Header cell value: 'StartMinute'
Header cell value: 'EndMinute'
Header cell value: 'StartTimeAMPM'
Header cell value: 'Plan Name'
Header cell value: 'URL /Path of Img'
Header cell value: 'MinTimeInAdvanced'
Header cell value: 'MaxTimeInAdvanced'
Header cell value: 'MinGuestAllowed'
Header cell value: 'From'
Header cell value: 'To'
Header cell value: 'MaxGuestPerSlot'
Header cell value: 'GuestPerPackage'
Header cell value: 'MaxPackages/Event Allowed'
Header cell value: 'MaxGuestsAllowed'
Header cell value: 'PurchaseItemsName'
Header cell value: 'PurchaseItemsprice'
Header cell value: 'PurchaseItemSaleTax'
Header cell value: 'PurchaseItemTimeFrame'
Header cell value: 'SlotNo1'
Header cell value: 'SlotNo2'
Header cell value: 'Slot1StartTimehour'
Header cell value: 'StartMinute'
Header cell value: 'EndMinute'
Header cell value: 'StartTimeAMPM'
Header cell value: 'EndTimeAMPM'
Header cell value: 'Slot1EndTimehour'
Header cell value: 'Plan Name'
Header cell value: 'URL /Path of Img'
Header cell value: 'MinTimeInAdvanced'
Header cell value: 'MaxTimeInAdvanced'
Header cell value: 'MinGuestAllowed'
Header cell value: 'From'
Header cell value: 'To'
Header cell value: 'MaxGuestPerSlot'
Header cell value: 'GuestPerPackage'
Header cell value: 'MaxPackages/Event Allowed'
Header cell value: 'MaxGuestsAllowed'
Header cell value: 'PurchaseItemsName'
Header cell value: 'PurchaseItemsprice'
Header cell value: 'PurchaseItemSaleTax'
Header cell value: 'PurchaseItemTimeFrame'
Header cell value: 'SlotNo1'
Header cell value: 'SlotNo2'
Header cell value: 'Slot1StartTimehour'
Header cell value: 'StartMinute'
Header cell value: 'EndMinute'
Header cell value: 'Plan Name'
Header cell value: 'URL /Path of Img'
Header cell value: 'MinTimeInAdvanced'
Header cell value: 'MaxTimeInAdvanced'
Header cell value: 'MinGuestAllowed'
Header cell value: 'From'
Header cell value: 'To'
Header cell value: 'MaxGuestPerSlot'
Header cell value: 'GuestPerPackage'
Header cell value: 'MaxPackages/Event Allowed'
Header cell value: 'MaxGuestsAllowed'
Header cell value: 'PurchaseItemsName'
Header cell value: 'PurchaseItemsprice'
Header cell value: 'PurchaseItemSaleTax'
Header cell value: 'PurchaseItemTimeFrame'
Header cell value: 'SlotNo1'
Header cell value: 'SlotNo2'
Header cell value: 'Slot1StartTimehour'
Header cell value: 'StartMinute'
Header cell value: 'EndMinute'
Header cell value: 'StartTimeAMPM'
Header cell value: 'EndTimeAMPM'
Header cell value: 'Plan Name'
Header cell value: 'URL /Path of Img'
Header cell value: 'MinTimeInAdvanced'
Header cell value: 'MaxTimeInAdvanced'
Header cell value: 'MinGuestAllowed'
Header cell value: 'From'
Header cell value: 'To'
Header cell value: 'MaxGuestPerSlot'
Header cell value: 'GuestPerPackage'
Header cell value: 'MaxPackages/Event Allowed'
Header cell value: 'MaxGuestsAllowed'
Header cell value: 'PurchaseItemsName'
Header cell value: 'PurchaseItemsprice'
Header cell value: 'PurchaseItemSaleTax'
Header cell value: 'PurchaseItemTimeFrame'
Header cell value: 'SlotNo1'
Header cell value: 'SlotNo2'
Header cell value: 'Slot1StartTimehour'
Header cell value: 'StartMinute'
Header cell value: 'EndMinute'
Header cell value: 'StartTimeAMPM'
Header cell value: 'EndTimeAMPM'
Header cell value: 'Slot1EndTimehour'
Header cell value: 'PackageSlot1/Person/guest/slot/Event  price'
Header cell value: 'packageSlot1/Person/guest/slot SaleTax'
Header cell value: 'AdditionalGuestSlot1Price'
Header cell value: 'AdditonalGuestSlot1SaleTax'
Header cell value: 'Slot2StartTimehour'
Header cell value: 'Plan Name'
Header cell value: 'URL /Path of Img'
Header cell value: 'MinTimeInAdvanced'
Header cell value: 'MaxTimeInAdvanced'
Header cell value: 'MinGuestAllowed'
Header cell value: 'From'
Header cell value: 'To'
Header cell value: 'MaxGuestPerSlot'
Header cell value: 'GuestPerPackage'
Header cell value: 'MaxPackages/Event Allowed'
Header cell value: 'MaxGuestsAllowed'
Header cell value: 'PurchaseItemsName'
Header cell value: 'PurchaseItemsprice'
Header cell value: 'PurchaseItemSaleTax'
Header cell value: 'PurchaseItemTimeFrame'
Header cell value: 'SlotNo1'
Header cell value: 'SlotNo2'
Header cell value: 'Slot1StartTimehour'
Header cell value: 'StartMinute'
Header cell value: 'Plan Name'
Header cell value: 'URL /Path of Img'
Header cell value: 'MinTimeInAdvanced'
Header cell value: 'MaxTimeInAdvanced'
Header cell value: 'MinGuestAllowed'
Header cell value: 'From'
Header cell value: 'To'
Header cell value: 'MaxGuestPerSlot'
Header cell value: 'GuestPerPackage'
Header cell value: 'MaxPackages/Event Allowed'
Header cell value: 'MaxGuestsAllowed'
Header cell value: 'PurchaseItemsName'
Header cell value: 'PurchaseItemsprice'
Header cell value: 'PurchaseItemSaleTax'
Header cell value: 'PurchaseItemTimeFrame'
Header cell value: 'SlotNo1'
Header cell value: 'SlotNo2'
Header cell value: 'Slot1StartTimehour'
Header cell value: 'StartMinute'
Header cell value: 'EndMinute'
Header cell value: 'StartTimeAMPM'
Header cell value: 'Plan Name'
Header cell value: 'URL /Path of Img'
Header cell value: 'MinTimeInAdvanced'
Header cell value: 'MaxTimeInAdvanced'
Header cell value: 'MinGuestAllowed'
Header cell value: 'From'
Header cell value: 'To'
Header cell value: 'MaxGuestPerSlot'
Header cell value: 'GuestPerPackage'
Header cell value: 'MaxPackages/Event Allowed'
Header cell value: 'MaxGuestsAllowed'
Header cell value: 'PurchaseItemsName'
Header cell value: 'PurchaseItemsprice'
Header cell value: 'PurchaseItemSaleTax'
Header cell value: 'PurchaseItemTimeFrame'
Header cell value: 'SlotNo1'
Header cell value: 'SlotNo2'
Header cell value: 'Slot1StartTimehour'
Header cell value: 'StartMinute'
Header cell value: 'EndMinute'
Header cell value: 'StartTimeAMPM'
Header cell value: 'EndTimeAMPM'
Header cell value: 'Slot1EndTimehour'
Header cell value: 'PackageSlot1/Person/guest/slot/Event  price'
Header cell value: 'packageSlot1/Person/guest/slot SaleTax'
Header cell value: 'AdditionalGuestSlot1Price'
Header cell value: 'AdditonalGuestSlot1SaleTax'
Header cell value: 'Slot2StartTimehour'
Header cell value: 'Slot2EndTimehour'
Header cell value: 'Plan Name'
Header cell value: 'URL /Path of Img'
Header cell value: 'MinTimeInAdvanced'
Header cell value: 'MaxTimeInAdvanced'
Header cell value: 'MinGuestAllowed'
Header cell value: 'From'
Header cell value: 'To'
Header cell value: 'MaxGuestPerSlot'
Header cell value: 'GuestPerPackage'
Header cell value: 'MaxPackages/Event Allowed'
Header cell value: 'MaxGuestsAllowed'
Header cell value: 'PurchaseItemsName'
Header cell value: 'PurchaseItemsprice'
Header cell value: 'PurchaseItemSaleTax'
Header cell value: 'PurchaseItemTimeFrame'
Header cell value: 'SlotNo1'
Header cell value: 'SlotNo2'
Header cell value: 'Slot1StartTimehour'
Header cell value: 'StartMinute'
Header cell value: 'EndMinute'
Header cell value: 'Plan Name'
Header cell value: 'URL /Path of Img'
Header cell value: 'MinTimeInAdvanced'
Header cell value: 'MaxTimeInAdvanced'
Header cell value: 'MinGuestAllowed'
Header cell value: 'From'
Header cell value: 'To'
Header cell value: 'MaxGuestPerSlot'
Header cell value: 'GuestPerPackage'
Header cell value: 'MaxPackages/Event Allowed'
Header cell value: 'MaxGuestsAllowed'
Header cell value: 'PurchaseItemsName'
Header cell value: 'PurchaseItemsprice'
Header cell value: 'PurchaseItemSaleTax'
Header cell value: 'PurchaseItemTimeFrame'
Header cell value: 'SlotNo1'
Header cell value: 'SlotNo2'
Header cell value: 'Slot1StartTimehour'
Header cell value: 'StartMinute'
Header cell value: 'EndMinute'
Header cell value: 'StartTimeAMPM'
Header cell value: 'EndTimeAMPM'
Header cell value: 'Plan Name'
Header cell value: 'URL /Path of Img'
Header cell value: 'MinTimeInAdvanced'
Header cell value: 'MaxTimeInAdvanced'
Header cell value: 'MinGuestAllowed'
Header cell value: 'From'
Header cell value: 'To'
Header cell value: 'MaxGuestPerSlot'
Header cell value: 'GuestPerPackage'
Header cell value: 'MaxPackages/Event Allowed'
Header cell value: 'MaxGuestsAllowed'
Header cell value: 'PurchaseItemsName'
Header cell value: 'PurchaseItemsprice'
Header cell value: 'PurchaseItemSaleTax'
Header cell value: 'PurchaseItemTimeFrame'
Header cell value: 'SlotNo1'
Header cell value: 'SlotNo2'
Header cell value: 'Slot1StartTimehour'
Header cell value: 'StartMinute'
Header cell value: 'EndMinute'
Header cell value: 'StartTimeAMPM'
Header cell value: 'EndTimeAMPM'
Header cell value: 'Slot1EndTimehour'
Header cell value: 'PackageSlot1/Person/guest/slot/Event  price'
Header cell value: 'Plan Name'
Header cell value: 'URL /Path of Img'
Header cell value: 'MinTimeInAdvanced'
Header cell value: 'MaxTimeInAdvanced'
Header cell value: 'MinGuestAllowed'
Header cell value: 'From'
Header cell value: 'To'
Header cell value: 'MaxGuestPerSlot'
Header cell value: 'GuestPerPackage'
Header cell value: 'MaxPackages/Event Allowed'
Header cell value: 'MaxGuestsAllowed'
Header cell value: 'PurchaseItemsName'
Header cell value: 'PurchaseItemsprice'
Header cell value: 'PurchaseItemSaleTax'
Header cell value: 'PurchaseItemTimeFrame'
Header cell value: 'SlotNo1'
Header cell value: 'SlotNo2'
Header cell value: 'Slot1StartTimehour'
Header cell value: 'StartMinute'
Header cell value: 'EndMinute'
Header cell value: 'StartTimeAMPM'
Header cell value: 'EndTimeAMPM'
Header cell value: 'Slot1EndTimehour'
Header cell value: 'PackageSlot1/Person/guest/slot/Event  price'
Header cell value: 'packageSlot1/Person/guest/slot SaleTax'
Header cell value: 'AdditionalGuestSlot1Price'
Header cell value: 'Plan Name'
Header cell value: 'URL /Path of Img'
Header cell value: 'MinTimeInAdvanced'
Header cell value: 'MaxTimeInAdvanced'
Header cell value: 'MinGuestAllowed'
Header cell value: 'From'
Header cell value: 'To'
Header cell value: 'MaxGuestPerSlot'
Header cell value: 'GuestPerPackage'
Header cell value: 'MaxPackages/Event Allowed'
Header cell value: 'MaxGuestsAllowed'
Header cell value: 'PurchaseItemsName'
Header cell value: 'PurchaseItemsprice'
Header cell value: 'PurchaseItemSaleTax'
Header cell value: 'PurchaseItemTimeFrame'
Header cell value: 'SlotNo1'
Header cell value: 'SlotNo2'
Header cell value: 'Slot1StartTimehour'
Header cell value: 'StartMinute'
Header cell value: 'EndMinute'
Header cell value: 'StartTimeAMPM'
Header cell value: 'EndTimeAMPM'
Header cell value: 'Slot1EndTimehour'
Header cell value: 'PackageSlot1/Person/guest/slot/Event  price'
Header cell value: 'packageSlot1/Person/guest/slot SaleTax'
Header cell value: 'Plan Name'
Header cell value: 'URL /Path of Img'
Header cell value: 'MinTimeInAdvanced'
Header cell value: 'MaxTimeInAdvanced'
Header cell value: 'MinGuestAllowed'
Header cell value: 'From'
Header cell value: 'To'
Header cell value: 'MaxGuestPerSlot'
Header cell value: 'GuestPerPackage'
Header cell value: 'MaxPackages/Event Allowed'
Header cell value: 'MaxGuestsAllowed'
Header cell value: 'PurchaseItemsName'
Header cell value: 'PurchaseItemsprice'
Header cell value: 'PurchaseItemSaleTax'
Header cell value: 'PurchaseItemTimeFrame'
Header cell value: 'SlotNo1'
Header cell value: 'SlotNo2'
Header cell value: 'Slot1StartTimehour'
Header cell value: 'StartMinute'
Header cell value: 'EndMinute'
Header cell value: 'StartTimeAMPM'
Header cell value: 'EndTimeAMPM'
Header cell value: 'Slot1EndTimehour'
Header cell value: 'PackageSlot1/Person/guest/slot/Event  price'
Header cell value: 'packageSlot1/Person/guest/slot SaleTax'
Header cell value: 'AdditionalGuestSlot1Price'
Header cell value: 'AdditonalGuestSlot1SaleTax'
Header cell value: 'Plan Name'
Header cell value: 'URL /Path of Img'
Header cell value: 'MinTimeInAdvanced'
Header cell value: 'MaxTimeInAdvanced'
Header cell value: 'MinGuestAllowed'
Header cell value: 'From'
Header cell value: 'To'
Header cell value: 'MaxGuestPerSlot'
Header cell value: 'GuestPerPackage'
Header cell value: 'MaxPackages/Event Allowed'
Header cell value: 'MaxGuestsAllowed'
Header cell value: 'PurchaseItemsName'
Header cell value: 'PurchaseItemsprice'
Header cell value: 'PurchaseItemSaleTax'
Header cell value: 'PurchaseItemTimeFrame'
Header cell value: 'SlotNo1'
Header cell value: 'SlotNo2'
Header cell value: 'Slot1StartTimehour'
Header cell value: 'StartMinute'
Header cell value: 'EndMinute'
Header cell value: 'StartTimeAMPM'
Header cell value: 'EndTimeAMPM'
Header cell value: 'Slot1EndTimehour'
Header cell value: 'PackageSlot1/Person/guest/slot/Event  price'
Header cell value: 'packageSlot1/Person/guest/slot SaleTax'
Header cell value: 'AdditionalGuestSlot1Price'
Header cell value: 'AdditonalGuestSlot1SaleTax'
Header cell value: 'Slot2StartTimehour'
Header cell value: 'Slot2EndTimehour'
Header cell value: 'PackageSlot2/Person/guest/slotPrice'
Header cell value: 'Plan Name'
Header cell value: 'URL /Path of Img'
Header cell value: 'MinTimeInAdvanced'
Header cell value: 'MaxTimeInAdvanced'
Header cell value: 'MinGuestAllowed'
Header cell value: 'From'
Header cell value: 'To'
Header cell value: 'MaxGuestPerSlot'
Header cell value: 'GuestPerPackage'
Header cell value: 'MaxPackages/Event Allowed'
Header cell value: 'MaxGuestsAllowed'
Header cell value: 'PurchaseItemsName'
Header cell value: 'PurchaseItemsprice'
Header cell value: 'PurchaseItemSaleTax'
Header cell value: 'PurchaseItemTimeFrame'
Header cell value: 'SlotNo1'
Header cell value: 'SlotNo2'
Header cell value: 'Slot1StartTimehour'
Header cell value: 'StartMinute'
Header cell value: 'EndMinute'
Header cell value: 'StartTimeAMPM'
Header cell value: 'EndTimeAMPM'
Header cell value: 'Slot1EndTimehour'
Header cell value: 'PackageSlot1/Person/guest/slot/Event  price'
Header cell value: 'packageSlot1/Person/guest/slot SaleTax'
Header cell value: 'AdditionalGuestSlot1Price'
Header cell value: 'AdditonalGuestSlot1SaleTax'
Header cell value: 'Slot2StartTimehour'
Header cell value: 'Slot2EndTimehour'
Header cell value: 'PackageSlot2/Person/guest/slotPrice'
Header cell value: 'packageSlot2/Person/guest/slot SaleTax'
Header cell value: 'AdditionalGuestSlot2Price'
Header cell value: 'Plan Name'
Header cell value: 'URL /Path of Img'
Header cell value: 'MinTimeInAdvanced'
Header cell value: 'MaxTimeInAdvanced'
Header cell value: 'MinGuestAllowed'
Header cell value: 'From'
Header cell value: 'To'
Header cell value: 'MaxGuestPerSlot'
Header cell value: 'GuestPerPackage'
Header cell value: 'MaxPackages/Event Allowed'
Header cell value: 'MaxGuestsAllowed'
Header cell value: 'PurchaseItemsName'
Header cell value: 'PurchaseItemsprice'
Header cell value: 'PurchaseItemSaleTax'
Header cell value: 'PurchaseItemTimeFrame'
Header cell value: 'SlotNo1'
Header cell value: 'SlotNo2'
Header cell value: 'Slot1StartTimehour'
Header cell value: 'StartMinute'
Header cell value: 'EndMinute'
Header cell value: 'StartTimeAMPM'
Header cell value: 'EndTimeAMPM'
Header cell value: 'Slot1EndTimehour'
Header cell value: 'PackageSlot1/Person/guest/slot/Event  price'
Header cell value: 'packageSlot1/Person/guest/slot SaleTax'
Header cell value: 'AdditionalGuestSlot1Price'
Header cell value: 'AdditonalGuestSlot1SaleTax'
Header cell value: 'Slot2StartTimehour'
Header cell value: 'Slot2EndTimehour'
Header cell value: 'PackageSlot2/Person/guest/slotPrice'
Header cell value: 'packageSlot2/Person/guest/slot SaleTax'
Header cell value: 'Plan Name'
Header cell value: 'URL /Path of Img'
Header cell value: 'MinTimeInAdvanced'
Header cell value: 'MaxTimeInAdvanced'
Header cell value: 'MinGuestAllowed'
Header cell value: 'From'
Header cell value: 'To'
Header cell value: 'MaxGuestPerSlot'
Header cell value: 'GuestPerPackage'
Header cell value: 'MaxPackages/Event Allowed'
Header cell value: 'MaxGuestsAllowed'
Header cell value: 'PurchaseItemsName'
Header cell value: 'PurchaseItemsprice'
Header cell value: 'PurchaseItemSaleTax'
Header cell value: 'PurchaseItemTimeFrame'
Header cell value: 'SlotNo1'
Header cell value: 'SlotNo2'
Header cell value: 'Slot1StartTimehour'
Header cell value: 'StartMinute'
Header cell value: 'EndMinute'
Header cell value: 'StartTimeAMPM'
Header cell value: 'EndTimeAMPM'
Header cell value: 'Slot1EndTimehour'
Header cell value: 'PackageSlot1/Person/guest/slot/Event  price'
Header cell value: 'packageSlot1/Person/guest/slot SaleTax'
Header cell value: 'AdditionalGuestSlot1Price'
Header cell value: 'AdditonalGuestSlot1SaleTax'
Header cell value: 'Slot2StartTimehour'
Header cell value: 'Slot2EndTimehour'
Header cell value: 'PackageSlot2/Person/guest/slotPrice'
Header cell value: 'packageSlot2/Person/guest/slot SaleTax'
Header cell value: 'AdditionalGuestSlot2Price'
Header cell value: 'AdditonalGuestSlot2SaleTax'
Header cell value: 'Plan Name'
Header cell value: 'URL /Path of Img'
Header cell value: 'MinTimeInAdvanced'
Header cell value: 'MaxTimeInAdvanced'
Header cell value: 'MinGuestAllowed'
Header cell value: 'From'
Header cell value: 'To'
Header cell value: 'MaxGuestPerSlot'
Header cell value: 'GuestPerPackage'
Header cell value: 'MaxPackages/Event Allowed'
Header cell value: 'MaxGuestsAllowed'
Header cell value: 'PurchaseItemsName'
Header cell value: 'PurchaseItemsprice'
Header cell value: 'PurchaseItemSaleTax'
Header cell value: 'PurchaseItemTimeFrame'
Header cell value: 'SlotNo1'
Header cell value: 'SlotNo2'
Header cell value: 'Slot1StartTimehour'
Header cell value: 'StartMinute'
Header cell value: 'EndMinute'
Header cell value: 'StartTimeAMPM'
Header cell value: 'EndTimeAMPM'
Header cell value: 'Slot1EndTimehour'
Header cell value: 'PackageSlot1/Person/guest/slot/Event  price'
Header cell value: 'packageSlot1/Person/guest/slot SaleTax'
Header cell value: 'AdditionalGuestSlot1Price'
Header cell value: 'AdditonalGuestSlot1SaleTax'
Header cell value: 'Slot2StartTimehour'
Header cell value: 'Slot2EndTimehour'
Header cell value: 'PackageSlot2/Person/guest/slotPrice'
Header cell value: 'packageSlot2/Person/guest/slot SaleTax'
Header cell value: 'AdditionalGuestSlot2Price'
Header cell value: 'AdditonalGuestSlot2SaleTax'
Header cell value: 'ProcessingFeeName'
Header cell value: 'ProcessingFeeAmount'
Header cell value: 'Refund Type'
Header cell value: 'Plan Name'
Header cell value: 'URL /Path of Img'
Header cell value: 'MinTimeInAdvanced'
Header cell value: 'MaxTimeInAdvanced'
Header cell value: 'MinGuestAllowed'
Header cell value: 'From'
Header cell value: 'To'
Header cell value: 'MaxGuestPerSlot'
Header cell value: 'GuestPerPackage'
Header cell value: 'MaxPackages/Event Allowed'
Header cell value: 'MaxGuestsAllowed'
Header cell value: 'PurchaseItemsName'
Header cell value: 'PurchaseItemsprice'
Header cell value: 'PurchaseItemSaleTax'
Header cell value: 'PurchaseItemTimeFrame'
Header cell value: 'SlotNo1'
Header cell value: 'SlotNo2'
Header cell value: 'Slot1StartTimehour'
Header cell value: 'StartMinute'
Header cell value: 'EndMinute'
Header cell value: 'StartTimeAMPM'
Header cell value: 'EndTimeAMPM'
Header cell value: 'Slot1EndTimehour'
Header cell value: 'PackageSlot1/Person/guest/slot/Event  price'
Header cell value: 'packageSlot1/Person/guest/slot SaleTax'
Header cell value: 'AdditionalGuestSlot1Price'
Header cell value: 'AdditonalGuestSlot1SaleTax'
Header cell value: 'Slot2StartTimehour'
Header cell value: 'Slot2EndTimehour'
Header cell value: 'PackageSlot2/Person/guest/slotPrice'
Header cell value: 'packageSlot2/Person/guest/slot SaleTax'
Header cell value: 'AdditionalGuestSlot2Price'
Header cell value: 'AdditonalGuestSlot2SaleTax'
Header cell value: 'ProcessingFeeName'
Header cell value: 'ProcessingFeeAmount'
Header cell value: 'Refund Type'
Header cell value: 'Refund Amount'
Header cell value: 'Plan Name'
Header cell value: 'URL /Path of Img'
Header cell value: 'MinTimeInAdvanced'
Header cell value: 'MaxTimeInAdvanced'
Header cell value: 'MinGuestAllowed'
Header cell value: 'From'
Header cell value: 'To'
Header cell value: 'MaxGuestPerSlot'
Header cell value: 'GuestPerPackage'
Header cell value: 'MaxPackages/Event Allowed'
Header cell value: 'MaxGuestsAllowed'
Header cell value: 'PurchaseItemsName'
Header cell value: 'PurchaseItemsprice'
Header cell value: 'PurchaseItemSaleTax'
Header cell value: 'PurchaseItemTimeFrame'
Header cell value: 'SlotNo1'
Header cell value: 'SlotNo2'
Header cell value: 'Slot1StartTimehour'
Header cell value: 'StartMinute'
Header cell value: 'EndMinute'
Header cell value: 'StartTimeAMPM'
Header cell value: 'EndTimeAMPM'
Header cell value: 'Slot1EndTimehour'
Header cell value: 'PackageSlot1/Person/guest/slot/Event  price'
Header cell value: 'packageSlot1/Person/guest/slot SaleTax'
Header cell value: 'AdditionalGuestSlot1Price'
Header cell value: 'AdditonalGuestSlot1SaleTax'
Header cell value: 'Slot2StartTimehour'
Header cell value: 'Slot2EndTimehour'
Header cell value: 'PackageSlot2/Person/guest/slotPrice'
Header cell value: 'packageSlot2/Person/guest/slot SaleTax'
Header cell value: 'AdditionalGuestSlot2Price'
Header cell value: 'AdditonalGuestSlot2SaleTax'
Header cell value: 'ProcessingFeeName'
Header cell value: 'Plan Name'
Header cell value: 'URL /Path of Img'
Header cell value: 'MinTimeInAdvanced'
Header cell value: 'MaxTimeInAdvanced'
Header cell value: 'MinGuestAllowed'
Header cell value: 'From'
Header cell value: 'To'
Header cell value: 'MaxGuestPerSlot'
Header cell value: 'GuestPerPackage'
Header cell value: 'MaxPackages/Event Allowed'
Header cell value: 'MaxGuestsAllowed'
Header cell value: 'PurchaseItemsName'
Header cell value: 'PurchaseItemsprice'
Header cell value: 'PurchaseItemSaleTax'
Header cell value: 'PurchaseItemTimeFrame'
Header cell value: 'SlotNo1'
Header cell value: 'SlotNo2'
Header cell value: 'Slot1StartTimehour'
Header cell value: 'StartMinute'
Header cell value: 'EndMinute'
Header cell value: 'StartTimeAMPM'
Header cell value: 'EndTimeAMPM'
Header cell value: 'Slot1EndTimehour'
Header cell value: 'PackageSlot1/Person/guest/slot/Event  price'
Header cell value: 'packageSlot1/Person/guest/slot SaleTax'
Header cell value: 'AdditionalGuestSlot1Price'
Header cell value: 'AdditonalGuestSlot1SaleTax'
Header cell value: 'Slot2StartTimehour'
Header cell value: 'Slot2EndTimehour'
Header cell value: 'PackageSlot2/Person/guest/slotPrice'
Header cell value: 'packageSlot2/Person/guest/slot SaleTax'
Header cell value: 'AdditionalGuestSlot2Price'
Header cell value: 'AdditonalGuestSlot2SaleTax'
Header cell value: 'ProcessingFeeName'
Header cell value: 'ProcessingFeeAmount'
Header cell value: 'Plan Name'
Header cell value: 'URL /Path of Img'
Header cell value: 'MinTimeInAdvanced'
Header cell value: 'MaxTimeInAdvanced'
Header cell value: 'MinGuestAllowed'
Header cell value: 'From'
Header cell value: 'To'
Header cell value: 'MaxGuestPerSlot'
Header cell value: 'GuestPerPackage'
Header cell value: 'MaxPackages/Event Allowed'
Header cell value: 'MaxGuestsAllowed'
Header cell value: 'PurchaseItemsName'
Header cell value: 'PurchaseItemsprice'
Header cell value: 'PurchaseItemSaleTax'
Header cell value: 'PurchaseItemTimeFrame'
Header cell value: 'SlotNo1'
Header cell value: 'Plan Name'
Header cell value: 'URL /Path of Img'
Header cell value: 'MinTimeInAdvanced'
Header cell value: 'MaxTimeInAdvanced'
Header cell value: 'MinGuestAllowed'
Header cell value: 'From'
Header cell value: 'To'
Header cell value: 'MaxGuestPerSlot'
Header cell value: 'GuestPerPackage'
Header cell value: 'MaxPackages/Event Allowed'
Header cell value: 'MaxGuestsAllowed'
Header cell value: 'PurchaseItemsName'
Header cell value: 'PurchaseItemsprice'
Header cell value: 'PurchaseItemSaleTax'
Header cell value: 'PurchaseItemTimeFrame'
Header cell value: 'SlotNo1'
Header cell value: 'SlotNo2'
issue cause is :Expected condition failed: waiting for element to be clickable: Proxy element for: DefaultElementLocator 'By.xpath: //select[@name='schedules.0.venueDetail.0.serviceCategory']' (tried for 30 second(s) with 500 milliseconds interval)
]]></system-out>
    <system-err><![CDATA[org.openqa.selenium.TimeoutException: Expected condition failed: waiting for element to be clickable: Proxy element for: DefaultElementLocator 'By.xpath: //select[@name='schedules.0.venueDetail.0.serviceCategory']' (tried for 30 second(s) with 500 milliseconds interval)
	at org.openqa.selenium.support.ui.WebDriverWait.timeoutException(WebDriverWait.java:84)
	at org.openqa.selenium.support.ui.FluentWait.until(FluentWait.java:228)
	at com.bookingzoneadmin.pages.CreateBUY_NOWServicePlanPage.selectServiceCategory(CreateBUY_NOWServicePlanPage.java:254)
	at com.bookingzoneadmin.utils.CreatePlansCommonAction.configurePlanDetails(CreatePlansCommonAction.java:68)
	at com.bookingzoneadmin.createplans.tests.TC002_CreatePackageTimePlan.testCreatePackageTimePlan(TC002_CreatePackageTimePlan.java:147)
	at java.base/jdk.internal.reflect.NativeMethodAccessorImpl.invoke0(Native Method)
	at java.base/jdk.internal.reflect.NativeMethodAccessorImpl.invoke(NativeMethodAccessorImpl.java:77)
	at java.base/jdk.internal.reflect.DelegatingMethodAccessorImpl.invoke(DelegatingMethodAccessorImpl.java:43)
	at java.base/java.lang.reflect.Method.invoke(Method.java:568)
	at org.testng.internal.invokers.MethodInvocationHelper.invokeMethod(MethodInvocationHelper.java:139)
	at org.testng.internal.invokers.TestInvoker.invokeMethod(TestInvoker.java:664)
	at org.testng.internal.invokers.TestInvoker.invokeTestMethod(TestInvoker.java:227)
	at org.testng.internal.invokers.MethodRunner.runInSequence(MethodRunner.java:50)
	at org.testng.internal.invokers.TestInvoker$MethodInvocationAgent.invoke(TestInvoker.java:957)
	at org.testng.internal.invokers.TestInvoker.invokeTestMethods(TestInvoker.java:200)
	at org.testng.internal.invokers.TestMethodWorker.invokeTestMethods(TestMethodWorker.java:148)
	at org.testng.internal.invokers.TestMethodWorker.run(TestMethodWorker.java:128)
	at java.base/java.util.ArrayList.forEach(ArrayList.java:1511)
[...]
Header cell value: 'PurchaseItemsName'
Header cell value: 'PurchaseItemsprice'
Header cell value: 'PurchaseItemSaleTax'
Header cell value: 'Plan Name'
Header cell value: 'URL /Path of Img'
Header cell value: 'MinTimeInAdvanced'
Header cell value: 'MaxTimeInAdvanced'
Header cell value: 'MinGuestAllowed'
Header cell value: 'From'
Header cell value: 'To'
Header cell value: 'MaxGuestPerSlot'
Header cell value: 'GuestPerPackage'
Header cell value: 'MaxPackages/Event Allowed'
Header cell value: 'MaxGuestsAllowed'
Header cell value: 'PurchaseItemsName'
Header cell value: 'PurchaseItemsprice'
Header cell value: 'PurchaseItemSaleTax'
Header cell value: 'PurchaseItemTimeFrame'
Header cell value: 'Plan Name'
Header cell value: 'URL /Path of Img'
Header cell value: 'MinTimeInAdvanced'
Header cell value: 'MaxTimeInAdvanced'
Header cell value: 'MinGuestAllowed'
Header cell value: 'From'
Header cell value: 'To'
Header cell value: 'MaxGuestPerSlot'
Header cell value: 'GuestPerPackage'
Header cell value: 'MaxPackages/Event Allowed'
Header cell value: 'MaxGuestsAllowed'
Header cell value: 'PurchaseItemsName'
Header cell value: 'PurchaseItemsprice'
Header cell value: 'PurchaseItemSaleTax'
Header cell value: 'PurchaseItemTimeFrame'
Header cell value: 'SlotNo1'
Header cell value: 'SlotNo2'
Header cell value: 'Slot1StartTimehour'
Header cell value: 'Plan Name'
Header cell value: 'URL /Path of Img'
Header cell value: 'MinTimeInAdvanced'
Header cell value: 'MaxTimeInAdvanced'
Header cell value: 'MinGuestAllowed'
Header cell value: 'From'
Header cell value: 'To'
Header cell value: 'MaxGuestPerSlot'
Header cell value: 'GuestPerPackage'
Header cell value: 'MaxPackages/Event Allowed'
Header cell value: 'MaxGuestsAllowed'
Header cell value: 'PurchaseItemsName'
Header cell value: 'PurchaseItemsprice'
Header cell value: 'PurchaseItemSaleTax'
Header cell value: 'PurchaseItemTimeFrame'
Header cell value: 'SlotNo1'
Header cell value: 'SlotNo2'
Header cell value: 'Slot1StartTimehour'
Header cell value: 'StartMinute'
Header cell value: 'Plan Name'
Header cell value: 'URL /Path of Img'
Header cell value: 'MinTimeInAdvanced'
Header cell value: 'MaxTimeInAdvanced'
Header cell value: 'MinGuestAllowed'
Header cell value: 'From'
Header cell value: 'To'
Header cell value: 'MaxGuestPerSlot'
Header cell value: 'GuestPerPackage'
Header cell value: 'MaxPackages/Event Allowed'
Header cell value: 'MaxGuestsAllowed'
Header cell value: 'PurchaseItemsName'
Header cell value: 'PurchaseItemsprice'
Header cell value: 'PurchaseItemSaleTax'
Header cell value: 'PurchaseItemTimeFrame'
Header cell value: 'SlotNo1'
Header cell value: 'SlotNo2'
Header cell value: 'Slot1StartTimehour'
Header cell value: 'StartMinute'
Header cell value: 'EndMinute'
Header cell value: 'StartTimeAMPM'
Header cell value: 'Plan Name'
Header cell value: 'URL /Path of Img'
Header cell value: 'MinTimeInAdvanced'
Header cell value: 'MaxTimeInAdvanced'
Header cell value: 'MinGuestAllowed'
Header cell value: 'From'
Header cell value: 'To'
Header cell value: 'MaxGuestPerSlot'
Header cell value: 'GuestPerPackage'
Header cell value: 'MaxPackages/Event Allowed'
Header cell value: 'MaxGuestsAllowed'
Header cell value: 'PurchaseItemsName'
Header cell value: 'PurchaseItemsprice'
Header cell value: 'PurchaseItemSaleTax'
Header cell value: 'PurchaseItemTimeFrame'
Header cell value: 'SlotNo1'
Header cell value: 'SlotNo2'
Header cell value: 'Slot1StartTimehour'
Header cell value: 'StartMinute'
Header cell value: 'EndMinute'
Header cell value: 'StartTimeAMPM'
Header cell value: 'EndTimeAMPM'
Header cell value: 'Slot1EndTimehour'
Header cell value: 'Plan Name'
Header cell value: 'URL /Path of Img'
Header cell value: 'MinTimeInAdvanced'
Header cell value: 'MaxTimeInAdvanced'
Header cell value: 'MinGuestAllowed'
Header cell value: 'From'
Header cell value: 'To'
Header cell value: 'MaxGuestPerSlot'
Header cell value: 'GuestPerPackage'
Header cell value: 'MaxPackages/Event Allowed'
Header cell value: 'MaxGuestsAllowed'
Header cell value: 'PurchaseItemsName'
Header cell value: 'PurchaseItemsprice'
Header cell value: 'PurchaseItemSaleTax'
Header cell value: 'PurchaseItemTimeFrame'
Header cell value: 'SlotNo1'
Header cell value: 'SlotNo2'
Header cell value: 'Slot1StartTimehour'
Header cell value: 'StartMinute'
Header cell value: 'EndMinute'
Header cell value: 'Plan Name'
Header cell value: 'URL /Path of Img'
Header cell value: 'MinTimeInAdvanced'
Header cell value: 'MaxTimeInAdvanced'
Header cell value: 'MinGuestAllowed'
Header cell value: 'From'
Header cell value: 'To'
Header cell value: 'MaxGuestPerSlot'
Header cell value: 'GuestPerPackage'
Header cell value: 'MaxPackages/Event Allowed'
Header cell value: 'MaxGuestsAllowed'
Header cell value: 'PurchaseItemsName'
Header cell value: 'PurchaseItemsprice'
Header cell value: 'PurchaseItemSaleTax'
Header cell value: 'PurchaseItemTimeFrame'
Header cell value: 'SlotNo1'
Header cell value: 'SlotNo2'
Header cell value: 'Slot1StartTimehour'
Header cell value: 'StartMinute'
Header cell value: 'EndMinute'
Header cell value: 'StartTimeAMPM'
Header cell value: 'EndTimeAMPM'
Header cell value: 'Plan Name'
Header cell value: 'URL /Path of Img'
Header cell value: 'MinTimeInAdvanced'
Header cell value: 'MaxTimeInAdvanced'
Header cell value: 'MinGuestAllowed'
Header cell value: 'From'
Header cell value: 'To'
Header cell value: 'MaxGuestPerSlot'
Header cell value: 'GuestPerPackage'
Header cell value: 'MaxPackages/Event Allowed'
Header cell value: 'MaxGuestsAllowed'
Header cell value: 'PurchaseItemsName'
Header cell value: 'PurchaseItemsprice'
Header cell value: 'PurchaseItemSaleTax'
Header cell value: 'PurchaseItemTimeFrame'
Header cell value: 'SlotNo1'
Header cell value: 'SlotNo2'
Header cell value: 'Slot1StartTimehour'
Header cell value: 'StartMinute'
Header cell value: 'EndMinute'
Header cell value: 'StartTimeAMPM'
Header cell value: 'EndTimeAMPM'
Header cell value: 'Slot1EndTimehour'
Header cell value: 'PackageSlot1/Person/guest/slot/Event  price'
Header cell value: 'Plan Name'
Header cell value: 'URL /Path of Img'
Header cell value: 'MinTimeInAdvanced'
Header cell value: 'MaxTimeInAdvanced'
Header cell value: 'MinGuestAllowed'
Header cell value: 'From'
Header cell value: 'To'
Header cell value: 'MaxGuestPerSlot'
Header cell value: 'GuestPerPackage'
Header cell value: 'MaxPackages/Event Allowed'
Header cell value: 'MaxGuestsAllowed'
Header cell value: 'PurchaseItemsName'
Header cell value: 'PurchaseItemsprice'
Header cell value: 'PurchaseItemSaleTax'
Header cell value: 'PurchaseItemTimeFrame'
Header cell value: 'SlotNo1'
Header cell value: 'SlotNo2'
Header cell value: 'Slot1StartTimehour'
Header cell value: 'StartMinute'
Header cell value: 'EndMinute'
Header cell value: 'StartTimeAMPM'
Header cell value: 'EndTimeAMPM'
Header cell value: 'Slot1EndTimehour'
Header cell value: 'PackageSlot1/Person/guest/slot/Event  price'
Header cell value: 'packageSlot1/Person/guest/slot SaleTax'
Header cell value: 'AdditionalGuestSlot1Price'
Header cell value: 'AdditonalGuestSlot1SaleTax'
Header cell value: 'Slot2StartTimehour'
Header cell value: 'Slot2EndTimehour'
Header cell value: 'PackageSlot2/Person/guest/slotPrice'
Header cell value: 'packageSlot2/Person/guest/slot SaleTax'
Header cell value: 'AdditionalGuestSlot2Price'
Header cell value: 'AdditonalGuestSlot2SaleTax'
Header cell value: 'ProcessingFeeName'
Header cell value: 'ProcessingFeeAmount'
Header cell value: 'Refund Type'
Header cell value: 'Plan Name'
Header cell value: 'URL /Path of Img'
Header cell value: 'MinTimeInAdvanced'
Header cell value: 'MaxTimeInAdvanced'
Header cell value: 'MinGuestAllowed'
Header cell value: 'From'
Header cell value: 'To'
Header cell value: 'MaxGuestPerSlot'
Header cell value: 'GuestPerPackage'
Header cell value: 'MaxPackages/Event Allowed'
Header cell value: 'MaxGuestsAllowed'
Header cell value: 'PurchaseItemsName'
Header cell value: 'PurchaseItemsprice'
Header cell value: 'PurchaseItemSaleTax'
Header cell value: 'PurchaseItemTimeFrame'
Header cell value: 'SlotNo1'
Header cell value: 'SlotNo2'
Header cell value: 'Slot1StartTimehour'
Header cell value: 'StartMinute'
Header cell value: 'EndMinute'
Header cell value: 'StartTimeAMPM'
Header cell value: 'EndTimeAMPM'
Header cell value: 'Slot1EndTimehour'
Header cell value: 'PackageSlot1/Person/guest/slot/Event  price'
Header cell value: 'packageSlot1/Person/guest/slot SaleTax'
Header cell value: 'AdditionalGuestSlot1Price'
Header cell value: 'AdditonalGuestSlot1SaleTax'
Header cell value: 'Slot2StartTimehour'
Header cell value: 'Slot2EndTimehour'
Header cell value: 'PackageSlot2/Person/guest/slotPrice'
Header cell value: 'packageSlot2/Person/guest/slot SaleTax'
Header cell value: 'AdditionalGuestSlot2Price'
Header cell value: 'AdditonalGuestSlot2SaleTax'
Header cell value: 'ProcessingFeeName'
Header cell value: 'ProcessingFeeAmount'
Header cell value: 'Refund Type'
Header cell value: 'Refund Amount'
Header cell value: 'Plan Name'
Header cell value: 'URL /Path of Img'
Header cell value: 'MinTimeInAdvanced'
Header cell value: 'MaxTimeInAdvanced'
Header cell value: 'MinGuestAllowed'
Header cell value: 'From'
Header cell value: 'To'
Header cell value: 'MaxGuestPerSlot'
Header cell value: 'GuestPerPackage'
Header cell value: 'MaxPackages/Event Allowed'
Header cell value: 'MaxGuestsAllowed'
Header cell value: 'PurchaseItemsName'
Header cell value: 'PurchaseItemsprice'
Header cell value: 'PurchaseItemSaleTax'
Header cell value: 'PurchaseItemTimeFrame'
Header cell value: 'SlotNo1'
Header cell value: 'SlotNo2'
Header cell value: 'Slot1StartTimehour'
Header cell value: 'StartMinute'
Header cell value: 'EndMinute'
Header cell value: 'StartTimeAMPM'
Header cell value: 'EndTimeAMPM'
Header cell value: 'Slot1EndTimehour'
Header cell value: 'PackageSlot1/Person/guest/slot/Event  price'
Header cell value: 'packageSlot1/Person/guest/slot SaleTax'
Header cell value: 'AdditionalGuestSlot1Price'
Header cell value: 'AdditonalGuestSlot1SaleTax'
Header cell value: 'Slot2StartTimehour'
Header cell value: 'Slot2EndTimehour'
Header cell value: 'PackageSlot2/Person/guest/slotPrice'
Header cell value: 'packageSlot2/Person/guest/slot SaleTax'
Header cell value: 'AdditionalGuestSlot2Price'
Header cell value: 'AdditonalGuestSlot2SaleTax'
Header cell value: 'ProcessingFeeName'
Header cell value: 'Plan Name'
Header cell value: 'URL /Path of Img'
Header cell value: 'MinTimeInAdvanced'
Header cell value: 'MaxTimeInAdvanced'
Header cell value: 'MinGuestAllowed'
Header cell value: 'From'
Header cell value: 'To'
Header cell value: 'MaxGuestPerSlot'
Header cell value: 'GuestPerPackage'
Header cell value: 'MaxPackages/Event Allowed'
Header cell value: 'MaxGuestsAllowed'
Header cell value: 'PurchaseItemsName'
Header cell value: 'PurchaseItemsprice'
Header cell value: 'PurchaseItemSaleTax'
Header cell value: 'PurchaseItemTimeFrame'
Header cell value: 'SlotNo1'
Header cell value: 'SlotNo2'
Header cell value: 'Slot1StartTimehour'
Header cell value: 'StartMinute'
Header cell value: 'EndMinute'
Header cell value: 'StartTimeAMPM'
Header cell value: 'EndTimeAMPM'
Header cell value: 'Slot1EndTimehour'
Header cell value: 'PackageSlot1/Person/guest/slot/Event  price'
Header cell value: 'packageSlot1/Person/guest/slot SaleTax'
Header cell value: 'AdditionalGuestSlot1Price'
Header cell value: 'AdditonalGuestSlot1SaleTax'
Header cell value: 'Slot2StartTimehour'
Header cell value: 'Slot2EndTimehour'
Header cell value: 'PackageSlot2/Person/guest/slotPrice'
Header cell value: 'packageSlot2/Person/guest/slot SaleTax'
Header cell value: 'AdditionalGuestSlot2Price'
Header cell value: 'AdditonalGuestSlot2SaleTax'
Header cell value: 'ProcessingFeeName'
Header cell value: 'ProcessingFeeAmount'
Header cell value: 'Plan Name'
Header cell value: 'URL /Path of Img'
Header cell value: 'MinTimeInAdvanced'
Header cell value: 'MaxTimeInAdvanced'
Header cell value: 'MinGuestAllowed'
Header cell value: 'From'
Header cell value: 'To'
Header cell value: 'MaxGuestPerSlot'
Header cell value: 'GuestPerPackage'
Header cell value: 'MaxPackages/Event Allowed'
Header cell value: 'MaxGuestsAllowed'
Header cell value: 'PurchaseItemsName'
Header cell value: 'PurchaseItemsprice'
Header cell value: 'PurchaseItemSaleTax'
Header cell value: 'PurchaseItemTimeFrame'
Header cell value: 'SlotNo1'
issue cause is :Expected condition failed: waiting for element to be clickable: Proxy element for: DefaultElementLocator 'By.xpath: //select[@name='schedules.0.venueDetail.0.serviceCategory']' (tried for 30 second(s) with 500 milliseconds interval)
]]></system-out>
    <system-err><![CDATA[org.openqa.selenium.TimeoutException: Expected condition failed: waiting for element to be clickable: Proxy element for: DefaultElementLocator 'By.xpath: //select[@name='schedules.0.venueDetail.0.serviceCategory']' (tried for 30 second(s) with 500 milliseconds interval)
	at org.openqa.selenium.support.ui.WebDriverWait.timeoutException(WebDriverWait.java:84)
	at org.openqa.selenium.support.ui.FluentWait.until(FluentWait.java:228)
	at com.bookingzoneadmin.pages.CreateBUY_NOWServicePlanPage.selectServiceCategory(CreateBUY_NOWServicePlanPage.java:254)
	at com.bookingzoneadmin.utils.CreatePlansCommonAction.configurePlanDetails(CreatePlansCommonAction.java:68)
	at com.bookingzoneadmin.createplans.tests.TC007_CreatePerPersonPlan.testCreatePerPersonPlan(TC007_CreatePerPersonPlan.java:126)
	at java.base/jdk.internal.reflect.NativeMethodAccessorImpl.invoke0(Native Method)
	at java.base/jdk.internal.reflect.NativeMethodAccessorImpl.invoke(NativeMethodAccessorImpl.java:77)
	at java.base/jdk.internal.reflect.DelegatingMethodAccessorImpl.invoke(DelegatingMethodAccessorImpl.java:43)
	at java.base/java.lang.reflect.Method.invoke(Method.java:568)
	at org.testng.internal.invokers.MethodInvocationHelper.invokeMethod(MethodInvocationHelper.java:139)
	at org.testng.internal.invokers.TestInvoker.invokeMethod(TestInvoker.java:664)
	at org.testng.internal.invokers.TestInvoker.invokeTestMethod(TestInvoker.java:227)
	at org.testng.internal.invokers.MethodRunner.runInSequence(MethodRunner.java:50)
	at org.testng.internal.invokers.TestInvoker$MethodInvocationAgent.invoke(TestInvoker.java:957)
	at org.testng.internal.invokers.TestInvoker.invokeTestMethods(TestInvoker.java:200)
	at org.testng.internal.invokers.TestMethodWorker.invokeTestMethods(TestMethodWorker.java:148)
	at org.testng.internal.invokers.TestMethodWorker.run(TestMethodWorker.java:128)
	at java.base/java.util.ArrayList.forEach(ArrayList.java:1511)
	at org.testng.TestRunner.privateRun(TestRunner.java:848)
	at org.testng.TestRunner.run(TestRunner.java:621)
	at org.testng.SuiteRunner.runTest(SuiteRunner.java:443)
	at org.testng.SuiteRunner.runSequentially(SuiteRunner.java:437)
	at org.testng.SuiteRunner.privateRun(SuiteRunner.java:397)
	at org.testng.SuiteRunner.run(SuiteRunner.java:336)
	at org.testng.SuiteRunnerWorker.runSuite(SuiteRunnerWorker.java:52)
	at org.testng.SuiteRunnerWorker.run(SuiteRunnerWorker.java:95)
	at org.testng.TestNG.runSuitesSequentially(TestNG.java:1280)
	at org.testng.TestNG.runSuitesLocally(TestNG.java:1200)
	at org.testng.TestNG.runSuites(TestNG.java:1114)
	at org.testng.TestNG.run(TestNG.java:1082)
	at org.apache.maven.surefire.testng.TestNGExecutor.run(TestNGExecutor.java:324)
	at org.apache.maven.surefire.testng.TestNGXmlTestSuite.execute(TestNGXmlTestSuite.java:74)
	at org.apache.maven.surefire.testng.TestNGProvider.invoke(TestNGProvider.java:123)
	at org.apache.maven.surefire.booter.ForkedBooter.runSuitesInProcess(ForkedBooter.java:456)
	at org.apache.maven.surefire.booter.ForkedBooter.execute(ForkedBooter.java:169)
	at org.apache.maven.surefire.booter.ForkedBooter.run(ForkedBooter.java:595)
	at org.apache.maven.surefire.booter.ForkedBooter.main(ForkedBooter.java:581)
Caused by: org.openqa.selenium.NoSuchElementException: no such element: Unable to locate element: {"method":"xpath","selector":"//select[@name='schedules.0.venueDetail.0.serviceCategory']"}
  (Session info: chrome=135.0.7049.85)
For documentation on this error, please visit: https://www.selenium.dev/documentation/webdriver/troubleshooting/errors#no-such-element-exception
Build info: version: '4.18.1', revision: 'b1d3319b48'
System info: os.name: 'Windows 11', os.arch: 'amd64', os.version: '10.0', java.version: '17.0.6'
Driver info: org.openqa.selenium.chrome.ChromeDriver
Command: [7b0f7bbe1dbb392aecf0ae1f0f261a63, findElement {value=//select[@name='schedules.0.venueDetail.0.serviceCategory'], using=xpath}]
Capabilities {acceptInsecureCerts: false, browserName: chrome, browserVersion: 135.0.7049.85, chrome: {chromedriverVersion: 135.0.7049.84 (6c019e560019..., userDataDir: C:\Users\dipal\AppData\Loca...}, fedcm:accounts: true, goog:chromeOptions: {debuggerAddress: localhost:50026}, networkConnectionEnabled: false, pageLoadStrategy: normal, platformName: windows, proxy: Proxy(), se:cdp: ws://localhost:50026/devtoo..., se:cdpVersion: 135.0.7049.85, setWindowRect: true, strictFileInteractability: false, timeouts: {implicit: 0, pageLoad: 300000, script: 30000}, unhandledPromptBehavior: dismiss and notify, webauthn:extension:credBlob: true, webauthn:extension:largeBlob: true, webauthn:extension:minPinLength: true, webauthn:extension:prf: true, webauthn:virtualAuthenticators: true}
Session ID: 7b0f7bbe1dbb392aecf0ae1f0f261a63
	at jdk.internal.reflect.GeneratedConstructorAccessor57.newInstance(Unknown Source)
	at java.base/jdk.internal.reflect.DelegatingConstructorAccessorImpl.newInstance(DelegatingConstructorAccessorImpl.java:45)
	at java.base/java.lang.reflect.Constructor.newInstanceWithCaller(Constructor.java:499)
	at java.base/java.lang.reflect.Constructor.newInstance(Constructor.java:480)
	at org.openqa.selenium.remote.ErrorCodec.decode(ErrorCodec.java:167)
	at org.openqa.selenium.remote.codec.w3c.W3CHttpResponseCodec.decode(W3CHttpResponseCodec.java:138)
	at org.openqa.selenium.remote.codec.w3c.W3CHttpResponseCodec.decode(W3CHttpResponseCodec.java:50)
	at org.openqa.selenium.remote.HttpCommandExecutor.execute(HttpCommandExecutor.java:190)
	at org.openqa.selenium.remote.service.DriverCommandExecutor.invokeExecute(DriverCommandExecutor.java:216)
	at org.openqa.selenium.remote.service.DriverCommandExecutor.execute(DriverCommandExecutor.java:174)
	at org.openqa.selenium.remote.RemoteWebDriver.execute(RemoteWebDriver.java:519)
	at org.openqa.selenium.remote.ElementLocation$ElementFinder$2.findElement(ElementLocation.java:165)
	at org.openqa.selenium.remote.ElementLocation.findElement(ElementLocation.java:59)
	at org.openqa.selenium.remote.RemoteWebDriver.findElement(RemoteWebDriver.java:356)
	at org.openqa.selenium.remote.RemoteWebDriver.findElement(RemoteWebDriver.java:350)
	at org.openqa.selenium.support.pagefactory.DefaultElementLocator.findElement(DefaultElementLocator.java:68)
	at org.openqa.selenium.support.pagefactory.internal.LocatingElementHandler.invoke(LocatingElementHandler.java:38)
	at jdk.proxy2/jdk.proxy2.$Proxy28.isDisplayed(Unknown Source)
	at org.openqa.selenium.support.ui.ExpectedConditions.elementIfVisible(ExpectedConditions.java:304)
	at org.openqa.selenium.support.ui.ExpectedConditions$10.apply(ExpectedConditions.java:290)
	at org.openqa.selenium.support.ui.ExpectedConditions$10.apply(ExpectedConditions.java:287)
	at org.openqa.selenium.support.ui.ExpectedConditions$23.apply(ExpectedConditions.java:656)
	at org.openqa.selenium.support.ui.ExpectedConditions$23.apply(ExpectedConditions.java:652)
	at org.openqa.selenium.support.ui.FluentWait.until(FluentWait.java:203)
	... 35 more
]]></system-err>
  </testcase>
</testsuite>