<?xml version="1.0" encoding="UTF-8"?>
<!-- Generated by org.testng.reporters.JUnitXMLReporter -->
<testsuite ignored="0" hostname="LP-Dipali" failures="1" tests="1" name="Create Package Session Plan" time="85.194" errors="0" timestamp="2025-04-13T09:07:25 GMT-04:00">
  <testcase classname="com.bookingzoneadmin.createplans.tests.TC001_CreatePackageSessionPlan" name="testCreatePackageSessionPlan" time="80.002">
    <failure type="java.lang.AssertionError" message="Test case failed due to exception: Expected condition failed: waiting for element to be clickable: Proxy element for: DefaultElementLocator &amp;apos;By.xpath: //select[@name=&amp;apos;schedules.0.venueDetail.0.serviceCategory&amp;apos;]&amp;apos; (tried for 30 second(s) with 500 milliseconds interval)">
      <![CDATA[java.lang.AssertionError: Test case failed due to exception: Expected condition failed: waiting for element to be clickable: Proxy element for: DefaultElementLocator 'By.xpath: //select[@name='schedules.0.venueDetail.0.serviceCategory']' (tried for 30 second(s) with 500 milliseconds interval)
at com.bookingzoneadmin.createplans.tests.TC001_CreatePackageSessionPlan.handleException(TC001_CreatePackageSessionPlan.java:243)
at com.bookingzoneadmin.createplans.tests.TC001_CreatePackageSessionPlan.testCreatePackageSessionPlan(TC001_CreatePackageSessionPlan.java:175)
at java.base/java.util.ArrayList.forEach(ArrayList.java:1511)
... Removed 32 stack frames]]>
    </failure>
  </testcase> <!-- testCreatePackageSessionPlan -->
</testsuite> <!-- Create Package Session Plan -->
