<?xml version="1.0" encoding="UTF-8"?>
<!-- Generated by org.testng.reporters.JUnitXMLReporter -->
<testsuite ignored="0" hostname="LP-Dipali" failures="0" tests="1" name="Create Package Time Plan" time="0.006" errors="0" timestamp="2025-07-26T09:32:21 GMT-06:00">
  <testcase classname="com.bookingzoneadmin.createplans.tests.TC002_CreatePackageTimePlan" name="testCreatePackageTimePlan" time="0.0">
    <skipped/>
  </testcase> <!-- testCreatePackageTimePlan -->
</testsuite> <!-- Create Package Time Plan -->
