<?xml version="1.0" encoding="UTF-8"?>
<!-- Generated by org.testng.reporters.JUnitXMLReporter -->
<testsuite ignored="0" hostname="LP-Dipali" failures="0" tests="1" name="Create Package Session Plan" time="0.06" errors="0" timestamp="2025-07-26T09:32:21 GMT-06:00">
  <testcase classname="com.bookingzoneadmin.createplans.tests.TC001_CreatePackageSessionPlan" name="@BeforeClass initializeTest" time="0.0">
    <skipped/>
  </testcase> <!-- @BeforeClass initializeTest -->
  <testcase classname="com.bookingzoneadmin.pages.BaseClass" name="@BeforeMethod setupTest" time="0.0">
    <skipped/>
  </testcase> <!-- @BeforeMethod setupTest -->
  <testcase classname="com.bookingzoneadmin.pages.BaseClass" name="@AfterMethod checkStatusAndCaptureScreenshot" time="0.0">
    <skipped/>
  </testcase> <!-- @AfterMethod checkStatusAndCaptureScreenshot -->
  <testcase classname="com.bookingzoneadmin.createplans.tests.TC001_CreatePackageSessionPlan" name="testCreatePackageSessionPlan" time="0.0">
    <skipped/>
  </testcase> <!-- testCreatePackageSessionPlan -->
</testsuite> <!-- Create Package Session Plan -->
